19:57:22    16 -->                                                             [tcl] ucliGUI::connect -toolargs -ucligui -toolexe ./rkv_watchdog_tb.simv -a run.log +ntb_random_seed=1 +UVM_TESTNAME=rkv_watchdog_integration_test -do rkv_watchdog_sim_run.do -pid 87527 -toolin /tmp/vcs_20220417115721_87526_verifier..stdin -toolout /tmp/vcs_20220417115721_87526_verifier..stdout  
19:57:22    17 -->                                                                 [tcl] set ucliGUI::state
19:57:22    18 -->                                                                     [tcl] set dveMisc::dve_log_file 1
19:57:23    19 -->                                                                         [tcl] gui_update_simulator_buttons
19:57:23    20 -->                                                                             [tcl] set ucliGUI::state
19:57:23    21 -->                                                                                 [tcl] ucliCore::getToolPID
19:57:23    22 -->                                                                                     [tcl] synopsys::env hasTB
19:57:23    23 -->                                                                                         [tcl] trigger_hier_stack_context_switch 0
19:57:23    24 -->                                                                                             [tcl] synopsys::xml set_array_limit <data limit="50" />
19:57:23    25 --> ...  [tcl] gui_update_simulator_buttons
19:57:23    26 --> ...      [tcl] synopsys::xml set_depth_limit <data limit="100" />
19:57:23    27 --> ...          [tcl] synopsys::xml set_string_limit <data limit="1000" />
19:57:23    28 --> ...              [tcl] synopsys::xml set_only_active_frame <data value="1" />
19:57:23    29 --> ...                  [tcl] synopsys::xml set_variable_frame_id <data value="1" />
19:57:23    30 --> ...                      [tcl] synUtils::setDVEInitPhase 1
19:57:23    31 --> ...                          [tcl] gui_get_env SIMSETUP::SIMVPD
19:57:23    32 --> ...                              [tcl] synopsys::dump -type VPD -file /home/verifier/project/rkv_labs/v2x_addon/cmsdk_apb_watchdog/uvm/sim/inter.vpd -locking
19:57:23    33 --> ...                                  [tcl] synopsys::dump -autoflush on -fid VPD0
19:57:23    34 --> ...                                      [tcl] set ::dve_fid VPD0
19:57:23    35 --> ...                                          [tcl] synUtils::setDVEInitPhase 0
19:57:23    36 --> ...                                              [tcl] ucliCore::getToolPID
19:57:23    37 --> ...                                                  [tcl] synUtils::sendTool -active _icl_setToolSocket /tmp/smlnpomYXpT
19:57:23    38 --> ...                                                      [tcl] synUtils::sendTool -active {_icl_start_rpc -version "O-2018.09-SP2_Full64" -sync_file /tmp/vcs_dve_rpc.verifier.87527}
19:57:24    39 --> ...                                                          [tcl] synUtils::sendTool -active {_icl_createSharedMemory /tmp/vcs_dve_general.verifier.87527}
19:57:24    40 --> ...                                                              [tcl] dveMisc::vbusExpand uvm_pkg
19:57:24    41 --> ...                                                                  [tcl] dveMisc::vbusExpand uvm_custom_install_recording
19:57:24    42 --> ...                                                                      [tcl] dveMisc::vbusExpand _vcs_unit__3820934895
19:57:24    43 --> ...                                                                          [tcl] config endofsim noexit
19:57:24    44 --> ...                                                                              [tcl] config onfail enable all
19:57:24    45 --> ...                                                                                  [tcl] config syscaddplainmembers
19:57:24    46 --> ...                                                                                      [tcl] config syscaddsourcenames
19:57:24    47 --> ...                                                                                          [tcl] config syscaddstructtypes
19:57:24    48 --> ...                                                                                              [tcl] synopsys::listing -disable
19:57:24    49 --> ...                                                                                                  [tcl] if {[info command guiIsActive]==""} {   run } else {    echo "GUI mode"   dump -add / -depth 0   do ./rkv_watchdog_debug_wave.do }
19:57:24    50 --> ...  [tcl] gui_set_time_units 1ps
19:57:24    51 --> ...      [tcl] gui_set_time_units 1ps
19:57:24    52 --> ...          [tcl] set _wave_session_group_1 Group1
19:57:24    53 --> ...              [tcl] if {[gui_sg_is_group -name "$_wave_session_group_1"]} {     set _wave_session_group_1 [gui_sg_generate_new_name] }
19:57:24    54 --> ...                  [tcl] set Group1 "$_wave_session_group_1"
19:57:24    55 --> ...                      [tcl] gui_sg_addsignal -group "$_wave_session_group_1" { {Sim:rkv_watchdog_tb.dut.PCLK} {Sim:rkv_watchdog_tb.dut.PRESETn} {Sim:rkv_watchdog_tb.dut.PENABLE} {Sim:rkv_watchdog_tb.dut.PSEL} {Sim:rkv_watchdog_tb.apb_if_inst.paddr} {Sim:rkv_watchdog_tb.dut.PWRITE} {Sim:rkv_watchdog_tb.dut.PWDATA} {Sim:rkv_watchdog_tb.dut.PRDATA} {Sim:rkv_watchdog_tb.dut.PADDR} }
19:57:24    56 --> ...                          [tcl] synopsys::dump -add {rkv_watchdog_tb.apb_if_inst rkv_watchdog_tb.watchdog_if_inst } -aggregates  -fid VPD0
19:57:24    57 --> ...                              [tcl] dveMisc::vbusExpand rkv_watchdog_tb
19:57:24    58 --> ...                                  [tcl] set _wave_session_group_2 Group2
19:57:24    59 --> ...                                      [tcl] if {[gui_sg_is_group -name "$_wave_session_group_2"]} {     set _wave_session_group_2 [gui_sg_generate_new_name] }
19:57:24    60 --> ...                                          [tcl] set Group2 "$_wave_session_group_2"
19:57:24    61 --> ...                                              [tcl] gui_sg_addsignal -group "$_wave_session_group_2" { {Sim:rkv_watchdog_tb.dut.WDOGCLK} {Sim:rkv_watchdog_tb.dut.WDOGCLKEN} {Sim:rkv_watchdog_tb.dut.WDOGRESn} {Sim:rkv_watchdog_tb.dut.WDOGINT} {Sim:rkv_watchdog_tb.dut.WDOGRES} {Sim:rkv_watchdog_tb.dut.ECOREVNUM} }
19:57:24    62 --> ...                                                  [tcl] if {![info exists useOldWindow]} {  	set useOldWindow true }
19:57:24    63 --> ...                                                      [tcl] if {$useOldWindow && [string first "Wave" [gui_get_current_window -view]]==0} {  	set Wave.1 [gui_get_current_window -view]  } else { 	set Wave.1 [lindex [gui_get_window_ids -type Wave] 0] if {[string first "Wave" ${Wave.1}]!=0} { gui_open_window Wave set Wave.1 [ gui_get_current_window -view ] } }
19:57:25    64 --> ...                                                          [tcl] set groupExD [gui_get_pref_value -category Wave -key exclusiveSG]
19:57:26    65 --> ...                                                              [tcl] gui_set_pref_value -category Wave -key exclusiveSG -value {false}
19:57:26    66 --> ...                                                                  [tcl] set origWaveHeight [gui_get_pref_value -category Wave -key waveRowHeight]
19:57:26    67 --> ...                                                                      [tcl] gui_list_set_height -id Wave -height 25
19:57:26    68 --> ...                                                                          [tcl] set origGroupCreationState [gui_list_create_group_when_add -wave]
19:57:26    69 --> ...                                                                              [tcl] gui_list_create_group_when_add -wave -disable
19:57:26    70 --> ...                                                                                  [tcl] gui_marker_set_ref -id ${Wave.1}  C1
19:57:26    71 --> ...                                                                                      [tcl] gui_wv_zoom_timerange -id ${Wave.1} 0 2000000
19:57:26    72 --> ...                                                                                          [tcl] gui_list_add_group -id ${Wave.1} -after {New Group} [list ${Group1}]
19:57:26    73 --> ...                                                                                              [tcl] gui_list_add_group -id ${Wave.1} -after {New Group} [list ${Group2}]
19:57:26    74 --> ...                                                                                                  [tcl] gui_seek_criteria -id ${Wave.1} {Any Edge}
19:57:26    75 --> ...  [tcl] gui_set_pref_value -category Wave -key exclusiveSG -value $groupExD
19:57:26    76 --> ...      [tcl] gui_list_set_height -id Wave -height $origWaveHeight
19:57:26    77 --> ...          [tcl] if {$origGroupCreationState} { 	gui_list_create_group_when_add -wave -enable }
19:57:27    78 --> ...              [tcl] if { $groupExD } {  gui_msg_report -code DVWW028 }
19:57:27    79 --> ...                  [tcl] gui_list_set_filter -id ${Wave.1} -list { {Buffer 1} {Input 1} {Others 1} {Linkage 1} {Output 1} {Parameter 1} {All 1} {Aggregate 1} {LibBaseMember 1} {Event 1} {Assertion 1} {Constant 1} {Interface 1} {BaseMembers 1} {Signal 1} {$unit 1} {Inout 1} {Variable 1} }
19:57:27    80 --> ...                      [tcl] gui_list_set_filter -id ${Wave.1} -text {*}
19:57:27    81 --> ...                          [tcl] gui_list_set_insertion_bar  -id ${Wave.1} -group ${Group1}  -item {rkv_watchdog_tb.dut.PADDR[11:2]} -position below
19:57:27    82 --> ...                              [tcl] gui_marker_move -id ${Wave.1} {C1} 1999837
19:57:27    83 --> ...                                  [tcl] gui_view_scroll -id ${Wave.1} -vertical -set 0
19:57:27    84 --> ...                                      [tcl] gui_show_grid -id ${Wave.1} -enable false
20:05:29    85 --> ...                                          [tcl] if [catch {gui_sim_terminate}] {gui_sim_terminate -kill}
20:05:29    86 --> ...                                              [tcl] synopsys::finish
20:05:29    87 --> ...                                                  [tcl] set ucliGUI::state
20:05:29    88 --> ...                                                      [tcl] gui_update_simulator_buttons
20:05:30    89 --> ...                                                          [tcl] set ucliGUI::state
20:05:30    90 --> ...                                                              [tcl] catch {senv activeDomain} dveMisc::result 
20:05:30    91 --> ...                                                                  [tcl] set dveMisc::result
20:05:30    92 --> ...                                                                      [tcl] gui_update_simulator_buttons
20:05:30    93 --> ...                                                                          [tcl] catch {senv activeDomain} dveMisc::result 
20:05:30    94 --> ...                                                                              [tcl] set dveMisc::result
20:05:30    95 --> ...                                                                                  [tcl] ucli_exit
