set ucliGUI::state
set ucliGUI::state
ucliCore::getToolPID
synopsys::env hasTB
trigger_hier_stack_context_switch 0
synopsys::xml set_array_limit <data limit="50" />
synopsys::xml set_depth_limit <data limit="100" />
synopsys::xml set_string_limit <data limit="1000" />
synopsys::xml set_only_active_frame <data value="1" />
synopsys::xml set_variable_frame_id <data value="1" />
synUtils::setDVEInitPhase 1
synopsys::dump -type VPD -file /home/verifier/project/rkv_labs/v2x_addon/cmsdk_apb_watchdog/uvm/sim/inter.vpd -locking
synopsys::dump -autoflush on -fid VPD0
set ::dve_fid VPD0
synUtils::setDVEInitPhase 0
ucliCore::getToolPID
synUtils::sendTool -active _icl_setToolSocket /tmp/smlnpqVpFOs
synUtils::sendTool -active {_icl_start_rpc -version "O-2018.09-SP2_Full64" -sync_file /tmp/vcs_dve_rpc.verifier.97518}
synUtils::sendTool -active {_icl_createSharedMemory /tmp/vcs_dve_general.verifier.97518}
config endofsim noexit
config onfail enable all
config syscaddplainmembers
config syscaddsourcenames
config syscaddstructtypes
synopsys::listing -disable
if {[info command guiIsActive]==""} {   run } else {    echo "GUI mode"   dump -add / -depth 0   do ./rkv_watchdog_debug_wave.do }
set _wave_session_group_1 Group1
if {[gui_sg_is_group -name "$_wave_session_group_1"]} {     set _wave_session_group_1 [gui_sg_generate_new_name] }
set Group1 "$_wave_session_group_1"
synopsys::dump -add {rkv_watchdog_tb.apb_if_inst rkv_watchdog_tb.wdg_if_inst } -aggregates  -fid VPD0
set _wave_session_group_2 Group2
if {[gui_sg_is_group -name "$_wave_session_group_2"]} {     set _wave_session_group_2 [gui_sg_generate_new_name] }
set Group2 "$_wave_session_group_2"
set _wave_session_group_3 Group4
if {[gui_sg_is_group -name "$_wave_session_group_3"]} {     set _wave_session_group_3 [gui_sg_generate_new_name] }
set Group3 "$_wave_session_group_3"
if {![info exists useOldWindow]} {  	set useOldWindow true }
if {$useOldWindow && [string first "Wave" [gui_get_current_window -view]]==0} {  	set Wave.1 [gui_get_current_window -view]  } else { 	set Wave.1 [lindex [gui_get_window_ids -type Wave] 0] if {[string first "Wave" ${Wave.1}]!=0} { gui_open_window Wave set Wave.1 [ gui_get_current_window -view ] } }
set groupExD [gui_get_pref_value -category Wave -key exclusiveSG]
set origWaveHeight [gui_get_pref_value -category Wave -key waveRowHeight]
set origGroupCreationState [gui_list_create_group_when_add -wave]
if {$origGroupCreationState} { 	gui_list_create_group_when_add -wave -enable }
if { $groupExD } {  gui_msg_report -code DVWW028 }
synopsys::watch  -file  $::env(PWD)/../env/rkv_watchdog_scoreboard.sv  -line  86
synopsys::watch -raw
synopsys::watch  -file  $::env(PWD)/../env/rkv_watchdog_scoreboard.sv  -line  87
synopsys::watch -raw
synopsys::watch  -file  $::env(PWD)/../env/rkv_watchdog_scoreboard.sv  -line  96
synopsys::watch -raw
synopsys::watch  -file  $::env(PWD)/../env/rkv_watchdog_scoreboard.sv  -line  97
synopsys::watch -raw
synopsys::watch  -file  $::env(PWD)/../env/rkv_watchdog_scoreboard.sv  -line  98
synopsys::watch -raw
synopsys::watch  -file  $::env(PWD)/../env/rkv_watchdog_scoreboard.sv  -line  104
synopsys::watch  -file  $::env(PWD)/../env/rkv_watchdog_scoreboard.sv  -line  104
synopsys::watch  -file  $::env(PWD)/../env/rkv_watchdog_scoreboard.sv  -line  105
synopsys::watch -raw
synopsys::watch  -file  $::env(PWD)/../env/rkv_watchdog_scoreboard.sv  -line  104
synopsys::watch  -file  $::env(PWD)/../env/rkv_watchdog_scoreboard.sv  -line  104
synopsys::watch  -file  $::env(PWD)/../env/rkv_watchdog_scoreboard.sv  -line  111
synopsys::watch -raw
synopsys::watch  -file  $::env(PWD)/../env/rkv_watchdog_scoreboard.sv  -line  106
synopsys::watch -raw
synopsys::watch  -file  $::env(PWD)/../env/rkv_watchdog_scoreboard.sv  -line  99
synopsys::watch -raw
synopsys::run
set ucliGUI::state
set ucliGUI::state
set ucliGUI::state
set ucliGUI::state
set ucliGUI::state
synopsys::xml get_stop_data
synopsys::xml {frames <data updateType="preserve" itemId="none" viewId="Stack.1" />}
synopsys::xml {locals <data updateType="preserve" itemId="none" frame_id="frame(104:5:471)" viewId="Local.1" />}
synopsys::xml {evaluate <data updateType="increment" itemId="134493616" frame_id="frame(104:5:471)" viewId="Hidden 1" > <item separator="." expr="this" open="1" name="this" depth="1" /></data>}
synopsys::xml {evaluate <data updateType="increment" itemId="135348272" frame_id="frame(104:5:471)" viewId="Hidden 2" > <item separator="." expr="this.super" open="1" name="super" depth="1" /></data>}
synopsys::xml {evaluate <data updateType="increment" itemId="135356816" frame_id="frame(104:5:471)" viewId="Hidden 3" > <item separator="." expr="this.super.rgm" open="1" name="rgm" depth="1" /></data>}
synopsys::xml {evaluate <data updateType="increment" itemId="135366304" frame_id="frame(104:5:471)" viewId="Hidden 4" > <item separator="." expr="this.super.rgm.WDOGLOAD" open="1" name="WDOGLOAD" depth="1" /></data>}
synopsys::xml {evaluate <data updateType="increment" itemId="135493456" frame_id="frame(104:5:471)" viewId="Hidden 5" > <item separator="." expr="this.super.rgm.WDOGLOAD.LOADVAL" open="1" name="LOADVAL" depth="1" /></data>}
synopsys::xml {evaluate <data updateType="increment" itemId="135717408" frame_id="frame(104:5:471)" viewId="Hidden 6" > <item separator="." expr="this.super.rgm.WDOGLOAD.LOADVAL.super" open="1" name="super" depth="1" /></data>}
synopsys::xml {evaluate <data updateType="increment" itemId="134525696" frame_id="frame(104:5:471)" viewId="Hidden 7" > <item separator="." expr="this.super.rgm.WDOGLOAD.super" open="1" name="super" depth="1" /></data>}
synopsys::xml {evaluate <data updateType="increment" itemId="135665664" frame_id="frame(104:5:471)" viewId="Hidden 8" > <item separator="." expr="this.super.rgm.WDOGLOAD.super.super" open="1" name="super" depth="1" /></data>}
synopsys::xml {evaluate <data updateType="increment" itemId="135291264" frame_id="frame(104:5:471)" viewId="Hidden 9" > <item separator="." expr="this.super.rgm.super" open="1" name="super" depth="1" /></data>}
synopsys::xml {evaluate <data updateType="increment" itemId="135812848" frame_id="frame(104:5:471)" viewId="Hidden 10" > <item separator="." expr="this.super.rgm.super.super" open="1" name="super" depth="1" /></data>}
synopsys::xml {evaluate <data updateType="increment" itemId="134490416" frame_id="frame(104:5:471)" viewId="Hidden 11" > <item separator="." expr="this.super.super" open="1" name="super" depth="1" /></data>}
synopsys::xml {evaluate <data updateType="increment" itemId="135992912" frame_id="frame(104:5:471)" viewId="Hidden 12" > <item separator="." expr="this.super.super.super" open="1" name="super" depth="1" /></data>}
synopsys::xml {evaluate <data updateType="increment" itemId="135864848" frame_id="frame(104:5:471)" viewId="Hidden 13" > <item separator="." expr="this.super.super.super.super" open="1" name="super" depth="1" /></data>}
trigger_hier_stack_context_switch 1
synopsys::run
set ucliGUI::state
set ucliGUI::state
set ucliGUI::state
set ucliGUI::state
set ucliGUI::state
synopsys::xml get_stop_data
synopsys::xml {frames <data updateType="preserve" itemId="none" viewId="Stack.1" > <item frame_id="frame(104:4:470)" /> <item frame_id="frame(104:0:469)" /> <item frame_id="frame(76:18:467)" /> <item frame_id="frame(76:17:466)" /> <item frame_id="frame(76:9:457)" /> <item frame_id="frame(76:8:3088)" /> <item frame_id="frame(76:0:1236)" /> <item frame_id="frame(49:260:1235)" /> <item frame_id="frame(49:259:1234)" /> <item frame_id="frame(49:0:3070)" /> <item frame_id="frame(47:555:3069)" /> <item frame_id="frame(47:1:3059)" /> <item frame_id="frame(47:0:3058)" /> <item frame_id="frame(40:20:3057)" /> <item frame_id="frame(40:19:3056)" /> <item frame_id="frame(40:4:3054)" /> <item frame_id="frame(40:0:3125)" /> <item frame_id="frame(34:521:3124)" /> <item frame_id="frame(34:245:3120)" /> <item frame_id="frame(34:241:3031)" /> <item frame_id="frame(34:0:6)" /> <item frame_id="frame(rkv_watchdog_tb)" /></data>}
synopsys::xml {locals <data updateType="preserve" itemId="none" frame_id="frame(104:5:471)" viewId="Local.1" />}
synopsys::xml {evaluate <data updateType="increment" itemId="134493616" frame_id="frame(104:5:471)" viewId="Hidden 14" > <item separator="." expr="this" open="1" name="this" depth="1" /></data>}
synopsys::run
set ucliGUI::state
set ucliGUI::state
set ucliGUI::state
set ucliGUI::state
set ucliGUI::state
synopsys::xml get_stop_data
synopsys::xml {frames <data updateType="preserve" itemId="none" viewId="Stack.1" > <item frame_id="frame(104:4:470)" /> <item frame_id="frame(104:0:469)" /> <item frame_id="frame(76:18:467)" /> <item frame_id="frame(76:17:466)" /> <item frame_id="frame(76:9:457)" /> <item frame_id="frame(76:8:3088)" /> <item frame_id="frame(76:0:1236)" /> <item frame_id="frame(49:260:1235)" /> <item frame_id="frame(49:259:1234)" /> <item frame_id="frame(49:0:3070)" /> <item frame_id="frame(47:555:3069)" /> <item frame_id="frame(47:1:3059)" /> <item frame_id="frame(47:0:3058)" /> <item frame_id="frame(40:20:3057)" /> <item frame_id="frame(40:19:3056)" /> <item frame_id="frame(40:4:3054)" /> <item frame_id="frame(40:0:3125)" /> <item frame_id="frame(34:521:3124)" /> <item frame_id="frame(34:245:3120)" /> <item frame_id="frame(34:241:3031)" /> <item frame_id="frame(34:0:6)" /> <item frame_id="frame(rkv_watchdog_tb)" /></data>}
synopsys::xml {locals <data updateType="preserve" itemId="none" frame_id="frame(104:5:471)" viewId="Local.1" />}
synopsys::xml {evaluate <data updateType="increment" itemId="134493616" frame_id="frame(104:5:471)" viewId="Hidden 15" > <item separator="." expr="this" open="1" name="this" depth="1" /></data>}
synopsys::run
set ucliGUI::state
set ucliGUI::state
set ucliGUI::state
set ucliGUI::state
set ucliGUI::state
synopsys::xml get_stop_data
synopsys::xml {frames <data updateType="preserve" itemId="none" viewId="Stack.1" > <item frame_id="frame(104:4:470)" /> <item frame_id="frame(104:0:469)" /> <item frame_id="frame(76:18:467)" /> <item frame_id="frame(76:17:466)" /> <item frame_id="frame(76:9:457)" /> <item frame_id="frame(76:8:3088)" /> <item frame_id="frame(76:0:1236)" /> <item frame_id="frame(49:260:1235)" /> <item frame_id="frame(49:259:1234)" /> <item frame_id="frame(49:0:3070)" /> <item frame_id="frame(47:555:3069)" /> <item frame_id="frame(47:1:3059)" /> <item frame_id="frame(47:0:3058)" /> <item frame_id="frame(40:20:3057)" /> <item frame_id="frame(40:19:3056)" /> <item frame_id="frame(40:4:3054)" /> <item frame_id="frame(40:0:3125)" /> <item frame_id="frame(34:521:3124)" /> <item frame_id="frame(34:245:3120)" /> <item frame_id="frame(34:241:3031)" /> <item frame_id="frame(34:0:6)" /> <item frame_id="frame(rkv_watchdog_tb)" /></data>}
synopsys::xml {locals <data updateType="preserve" itemId="none" frame_id="frame(104:5:471)" viewId="Local.1" />}
synopsys::xml {evaluate <data updateType="increment" itemId="134493616" frame_id="frame(104:5:471)" viewId="Hidden 16" > <item separator="." expr="this" open="1" name="this" depth="1" /></data>}
synopsys::run
set ucliGUI::state
set ucliGUI::state
set ucliGUI::state
set ucliGUI::state
set ucliGUI::state
synopsys::xml get_stop_data
synopsys::xml {frames <data updateType="preserve" itemId="none" viewId="Stack.1" > <item frame_id="frame(104:4:470)" /> <item frame_id="frame(104:0:469)" /> <item frame_id="frame(76:18:467)" /> <item frame_id="frame(76:17:466)" /> <item frame_id="frame(76:9:457)" /> <item frame_id="frame(76:8:3088)" /> <item frame_id="frame(76:0:1236)" /> <item frame_id="frame(49:260:1235)" /> <item frame_id="frame(49:259:1234)" /> <item frame_id="frame(49:0:3070)" /> <item frame_id="frame(47:555:3069)" /> <item frame_id="frame(47:1:3059)" /> <item frame_id="frame(47:0:3058)" /> <item frame_id="frame(40:20:3057)" /> <item frame_id="frame(40:19:3056)" /> <item frame_id="frame(40:4:3054)" /> <item frame_id="frame(40:0:3125)" /> <item frame_id="frame(34:521:3124)" /> <item frame_id="frame(34:245:3120)" /> <item frame_id="frame(34:241:3031)" /> <item frame_id="frame(34:0:6)" /> <item frame_id="frame(rkv_watchdog_tb)" /></data>}
synopsys::xml {locals <data updateType="preserve" itemId="none" frame_id="frame(104:5:471)" viewId="Local.1" />}
synopsys::xml {evaluate <data updateType="increment" itemId="134493616" frame_id="frame(104:5:471)" viewId="Hidden 17" > <item separator="." expr="this" open="1" name="this" depth="1" /></data>}
synopsys::xml {evaluate <data updateType="increment" itemId="135358512" frame_id="frame(104:5:471)" viewId="Hidden 18" > <item separator="." expr="this.super.vif" open="1" name="vif" depth="1" /></data>}
synopsys::run
set ucliGUI::state
set ucliGUI::state
set ucliGUI::state
set ucliGUI::state
set ucliGUI::state
synopsys::xml get_stop_data
synopsys::xml {frames <data updateType="preserve" itemId="none" viewId="Stack.1" > <item frame_id="frame(104:4:470)" /> <item frame_id="frame(104:0:469)" /> <item frame_id="frame(76:18:467)" /> <item frame_id="frame(76:17:466)" /> <item frame_id="frame(76:9:457)" /> <item frame_id="frame(76:8:3088)" /> <item frame_id="frame(76:0:1236)" /> <item frame_id="frame(49:260:1235)" /> <item frame_id="frame(49:259:1234)" /> <item frame_id="frame(49:0:3070)" /> <item frame_id="frame(47:555:3069)" /> <item frame_id="frame(47:1:3059)" /> <item frame_id="frame(47:0:3058)" /> <item frame_id="frame(40:20:3057)" /> <item frame_id="frame(40:19:3056)" /> <item frame_id="frame(40:4:3054)" /> <item frame_id="frame(40:0:3125)" /> <item frame_id="frame(34:521:3124)" /> <item frame_id="frame(34:245:3120)" /> <item frame_id="frame(34:241:3031)" /> <item frame_id="frame(34:0:6)" /> <item frame_id="frame(rkv_watchdog_tb)" /></data>}
synopsys::xml {locals <data updateType="preserve" itemId="none" frame_id="frame(104:5:471)" viewId="Local.1" />}
synopsys::xml {evaluate <data updateType="increment" itemId="134493616" frame_id="frame(104:5:471)" viewId="Hidden 19" > <item separator="." expr="this" open="1" name="this" depth="1" /></data>}
synopsys::xml {evaluate <data updateType="increment" itemId="135322112" frame_id="frame(104:5:471)" viewId="Hidden 20" > <item separator="." expr="this.super.cfg" open="1" name="cfg" depth="1" /></data>}
synopsys::run
set ucliGUI::state
set ucliGUI::state
set ucliGUI::state
set ucliGUI::state
set ucliGUI::state
synopsys::xml get_stop_data
synopsys::xml {frames <data updateType="preserve" itemId="none" viewId="Stack.1" > <item frame_id="frame(104:4:470)" /> <item frame_id="frame(104:0:469)" /> <item frame_id="frame(76:18:467)" /> <item frame_id="frame(76:17:466)" /> <item frame_id="frame(76:9:457)" /> <item frame_id="frame(76:8:3088)" /> <item frame_id="frame(76:0:1236)" /> <item frame_id="frame(49:260:1235)" /> <item frame_id="frame(49:259:1234)" /> <item frame_id="frame(49:0:3070)" /> <item frame_id="frame(47:555:3069)" /> <item frame_id="frame(47:1:3059)" /> <item frame_id="frame(47:0:3058)" /> <item frame_id="frame(40:20:3057)" /> <item frame_id="frame(40:19:3056)" /> <item frame_id="frame(40:4:3054)" /> <item frame_id="frame(40:0:3125)" /> <item frame_id="frame(34:521:3124)" /> <item frame_id="frame(34:245:3120)" /> <item frame_id="frame(34:241:3031)" /> <item frame_id="frame(34:0:6)" /> <item frame_id="frame(rkv_watchdog_tb)" /></data>}
synopsys::xml {locals <data updateType="preserve" itemId="none" frame_id="frame(104:5:471)" viewId="Local.1" />}
synopsys::xml {evaluate <data updateType="increment" itemId="134493616" frame_id="frame(104:5:471)" viewId="Hidden 21" > <item separator="." expr="this" open="1" name="this" depth="1" /></data>}
synopsys::xml {evaluate <data updateType="increment" itemId="135493456" frame_id="frame(104:5:471)" viewId="Hidden 22" > <item separator="." expr="this.super.rgm.WDOGLOAD.LOADVAL" open="1" name="LOADVAL" depth="1" /></data>}
synopsys::xml {evaluate <data updateType="increment" itemId="135717408" frame_id="frame(104:5:471)" viewId="Hidden 23" > <item separator="." expr="this.super.rgm.WDOGLOAD.LOADVAL.super" open="1" name="super" depth="1" /></data>}
synopsys::xml {evaluate <data updateType="increment" itemId="135366304" frame_id="frame(104:5:471)" viewId="Hidden 24" > <item separator="." expr="this.super.rgm.WDOGLOAD" open="1" name="WDOGLOAD" depth="1" /></data>}
synopsys::xml {evaluate <data updateType="increment" itemId="134525696" frame_id="frame(104:5:471)" viewId="Hidden 25" > <item separator="." expr="this.super.rgm.WDOGLOAD.super" open="1" name="super" depth="1" /></data>}
synopsys::xml {evaluate <data updateType="increment" itemId="135665664" frame_id="frame(104:5:471)" viewId="Hidden 26" > <item separator="." expr="this.super.rgm.WDOGLOAD.super.super" open="1" name="super" depth="1" /></data>}
synopsys::xml {evaluate <data updateType="increment" itemId="135356816" frame_id="frame(104:5:471)" viewId="Hidden 27" > <item separator="." expr="this.super.rgm" open="1" name="rgm" depth="1" /></data>}
synopsys::xml {evaluate <data updateType="increment" itemId="135291264" frame_id="frame(104:5:471)" viewId="Hidden 28" > <item separator="." expr="this.super.rgm.super" open="1" name="super" depth="1" /></data>}
synopsys::xml {evaluate <data updateType="increment" itemId="135812848" frame_id="frame(104:5:471)" viewId="Hidden 29" > <item separator="." expr="this.super.rgm.super.super" open="1" name="super" depth="1" /></data>}
synopsys::xml {evaluate <data updateType="increment" itemId="135348272" frame_id="frame(104:5:471)" viewId="Hidden 30" > <item separator="." expr="this.super" open="1" name="super" depth="1" /></data>}
synopsys::xml {evaluate <data updateType="increment" itemId="134490416" frame_id="frame(104:5:471)" viewId="Hidden 31" > <item separator="." expr="this.super.super" open="1" name="super" depth="1" /></data>}
synopsys::xml {evaluate <data updateType="increment" itemId="135992912" frame_id="frame(104:5:471)" viewId="Hidden 32" > <item separator="." expr="this.super.super.super" open="1" name="super" depth="1" /></data>}
synopsys::xml {evaluate <data updateType="increment" itemId="135864848" frame_id="frame(104:5:471)" viewId="Hidden 33" > <item separator="." expr="this.super.super.super.super" open="1" name="super" depth="1" /></data>}
synopsys::run
set ucliGUI::state
set ucliGUI::state
set ucliGUI::state
set ucliGUI::state
set ucliGUI::state
synopsys::xml get_stop_data
synopsys::xml {frames <data updateType="preserve" itemId="none" viewId="Stack.1" > <item frame_id="frame(104:4:470)" /> <item frame_id="frame(104:0:469)" /> <item frame_id="frame(76:18:467)" /> <item frame_id="frame(76:17:466)" /> <item frame_id="frame(76:9:457)" /> <item frame_id="frame(76:8:3088)" /> <item frame_id="frame(76:0:1236)" /> <item frame_id="frame(49:260:1235)" /> <item frame_id="frame(49:259:1234)" /> <item frame_id="frame(49:0:3070)" /> <item frame_id="frame(47:555:3069)" /> <item frame_id="frame(47:1:3059)" /> <item frame_id="frame(47:0:3058)" /> <item frame_id="frame(40:20:3057)" /> <item frame_id="frame(40:19:3056)" /> <item frame_id="frame(40:4:3054)" /> <item frame_id="frame(40:0:3125)" /> <item frame_id="frame(34:521:3124)" /> <item frame_id="frame(34:245:3120)" /> <item frame_id="frame(34:241:3031)" /> <item frame_id="frame(34:0:6)" /> <item frame_id="frame(rkv_watchdog_tb)" /></data>}
synopsys::xml {locals <data updateType="preserve" itemId="none" frame_id="frame(104:5:471)" viewId="Local.1" />}
synopsys::xml {evaluate <data updateType="increment" itemId="134493616" frame_id="frame(104:5:471)" viewId="Hidden 34" > <item separator="." expr="this" open="1" name="this" depth="1" /></data>}
synopsys::run
set ucliGUI::state
set ucliGUI::state
set ucliGUI::state
set ucliGUI::state
set ucliGUI::state
synopsys::xml get_stop_data
synopsys::xml {frames <data updateType="preserve" itemId="none" viewId="Stack.1" > <item frame_id="frame(104:4:470)" /> <item frame_id="frame(104:0:469)" /> <item frame_id="frame(76:18:467)" /> <item frame_id="frame(76:17:466)" /> <item frame_id="frame(76:9:457)" /> <item frame_id="frame(76:8:3088)" /> <item frame_id="frame(76:0:1236)" /> <item frame_id="frame(49:260:1235)" /> <item frame_id="frame(49:259:1234)" /> <item frame_id="frame(49:0:3070)" /> <item frame_id="frame(47:555:3069)" /> <item frame_id="frame(47:1:3059)" /> <item frame_id="frame(47:0:3058)" /> <item frame_id="frame(40:20:3057)" /> <item frame_id="frame(40:19:3056)" /> <item frame_id="frame(40:4:3054)" /> <item frame_id="frame(40:0:3125)" /> <item frame_id="frame(34:521:3124)" /> <item frame_id="frame(34:245:3120)" /> <item frame_id="frame(34:241:3031)" /> <item frame_id="frame(34:0:6)" /> <item frame_id="frame(rkv_watchdog_tb)" /></data>}
synopsys::xml {locals <data updateType="preserve" itemId="none" frame_id="frame(104:5:471)" viewId="Local.1" />}
synopsys::xml {evaluate <data updateType="increment" itemId="134493616" frame_id="frame(104:5:471)" viewId="Hidden 35" > <item separator="." expr="this" open="1" name="this" depth="1" /></data>}
synopsys::run
set ucliGUI::state
set ucliGUI::state
set ucliGUI::state
set ucliGUI::state
set ucliGUI::state
synopsys::xml get_stop_data
synopsys::xml {frames <data updateType="preserve" itemId="none" viewId="Stack.1" > <item frame_id="frame(104:4:470)" /> <item frame_id="frame(104:0:469)" /> <item frame_id="frame(76:18:467)" /> <item frame_id="frame(76:17:466)" /> <item frame_id="frame(76:9:457)" /> <item frame_id="frame(76:8:3088)" /> <item frame_id="frame(76:0:1236)" /> <item frame_id="frame(49:260:1235)" /> <item frame_id="frame(49:259:1234)" /> <item frame_id="frame(49:0:3070)" /> <item frame_id="frame(47:555:3069)" /> <item frame_id="frame(47:1:3059)" /> <item frame_id="frame(47:0:3058)" /> <item frame_id="frame(40:20:3057)" /> <item frame_id="frame(40:19:3056)" /> <item frame_id="frame(40:4:3054)" /> <item frame_id="frame(40:0:3125)" /> <item frame_id="frame(34:521:3124)" /> <item frame_id="frame(34:245:3120)" /> <item frame_id="frame(34:241:3031)" /> <item frame_id="frame(34:0:6)" /> <item frame_id="frame(rkv_watchdog_tb)" /></data>}
synopsys::xml {locals <data updateType="preserve" itemId="none" frame_id="frame(104:5:471)" viewId="Local.1" />}
synopsys::xml {evaluate <data updateType="increment" itemId="134493616" frame_id="frame(104:5:471)" viewId="Hidden 36" > <item separator="." expr="this" open="1" name="this" depth="1" /></data>}
synopsys::run
set ucliGUI::state
set ucliGUI::state
set ucliGUI::state
set ucliGUI::state
set ucliGUI::state
synopsys::xml get_stop_data
synopsys::xml {frames <data updateType="preserve" itemId="none" viewId="Stack.1" > <item frame_id="frame(104:4:470)" /> <item frame_id="frame(104:0:469)" /> <item frame_id="frame(76:18:467)" /> <item frame_id="frame(76:17:466)" /> <item frame_id="frame(76:9:457)" /> <item frame_id="frame(76:8:3088)" /> <item frame_id="frame(76:0:1236)" /> <item frame_id="frame(49:260:1235)" /> <item frame_id="frame(49:259:1234)" /> <item frame_id="frame(49:0:3070)" /> <item frame_id="frame(47:555:3069)" /> <item frame_id="frame(47:1:3059)" /> <item frame_id="frame(47:0:3058)" /> <item frame_id="frame(40:20:3057)" /> <item frame_id="frame(40:19:3056)" /> <item frame_id="frame(40:4:3054)" /> <item frame_id="frame(40:0:3125)" /> <item frame_id="frame(34:521:3124)" /> <item frame_id="frame(34:245:3120)" /> <item frame_id="frame(34:241:3031)" /> <item frame_id="frame(34:0:6)" /> <item frame_id="frame(rkv_watchdog_tb)" /></data>}
synopsys::xml {locals <data updateType="preserve" itemId="none" frame_id="frame(104:5:471)" viewId="Local.1" />}
synopsys::xml {evaluate <data updateType="increment" itemId="134493616" frame_id="frame(104:5:471)" viewId="Hidden 37" > <item separator="." expr="this" open="1" name="this" depth="1" /></data>}
synopsys::run
set ucliGUI::state
set ucliGUI::state
set ucliGUI::state
set ucliGUI::state
set ucliGUI::state
synopsys::xml get_stop_data
synopsys::xml {frames <data updateType="preserve" itemId="none" viewId="Stack.1" > <item frame_id="frame(104:4:470)" /> <item frame_id="frame(104:0:469)" /> <item frame_id="frame(76:18:467)" /> <item frame_id="frame(76:17:466)" /> <item frame_id="frame(76:9:457)" /> <item frame_id="frame(76:8:3088)" /> <item frame_id="frame(76:0:1236)" /> <item frame_id="frame(49:260:1235)" /> <item frame_id="frame(49:259:1234)" /> <item frame_id="frame(49:0:3070)" /> <item frame_id="frame(47:555:3069)" /> <item frame_id="frame(47:1:3059)" /> <item frame_id="frame(47:0:3058)" /> <item frame_id="frame(40:20:3057)" /> <item frame_id="frame(40:19:3056)" /> <item frame_id="frame(40:4:3054)" /> <item frame_id="frame(40:0:3125)" /> <item frame_id="frame(34:521:3124)" /> <item frame_id="frame(34:245:3120)" /> <item frame_id="frame(34:241:3031)" /> <item frame_id="frame(34:0:6)" /> <item frame_id="frame(rkv_watchdog_tb)" /></data>}
synopsys::xml {locals <data updateType="preserve" itemId="none" frame_id="frame(104:5:471)" viewId="Local.1" />}
synopsys::xml {evaluate <data updateType="increment" itemId="134493616" frame_id="frame(104:5:471)" viewId="Hidden 38" > <item separator="." expr="this" open="1" name="this" depth="1" /></data>}
synopsys::run
set ucliGUI::state
set ucliGUI::state
set ucliGUI::state
set ucliGUI::state
set ucliGUI::state
synopsys::xml get_stop_data
synopsys::xml {frames <data updateType="preserve" itemId="none" viewId="Stack.1" > <item frame_id="frame(104:4:470)" /> <item frame_id="frame(104:0:469)" /> <item frame_id="frame(76:18:467)" /> <item frame_id="frame(76:17:466)" /> <item frame_id="frame(76:9:457)" /> <item frame_id="frame(76:8:3088)" /> <item frame_id="frame(76:0:1236)" /> <item frame_id="frame(49:260:1235)" /> <item frame_id="frame(49:259:1234)" /> <item frame_id="frame(49:0:3070)" /> <item frame_id="frame(47:555:3069)" /> <item frame_id="frame(47:1:3059)" /> <item frame_id="frame(47:0:3058)" /> <item frame_id="frame(40:20:3057)" /> <item frame_id="frame(40:19:3056)" /> <item frame_id="frame(40:4:3054)" /> <item frame_id="frame(40:0:3125)" /> <item frame_id="frame(34:521:3124)" /> <item frame_id="frame(34:245:3120)" /> <item frame_id="frame(34:241:3031)" /> <item frame_id="frame(34:0:6)" /> <item frame_id="frame(rkv_watchdog_tb)" /></data>}
synopsys::xml {locals <data updateType="preserve" itemId="none" frame_id="frame(104:5:471)" viewId="Local.1" />}
synopsys::xml {evaluate <data updateType="increment" itemId="134493616" frame_id="frame(104:5:471)" viewId="Hidden 39" > <item separator="." expr="this" open="1" name="this" depth="1" /></data>}
synopsys::xml {evaluate <data updateType="increment" itemId="135493456" frame_id="frame(104:5:471)" viewId="Hidden 40" > <item separator="." expr="this.super.rgm.WDOGLOAD.LOADVAL" open="1" name="LOADVAL" depth="1" /></data>}
synopsys::xml {evaluate <data updateType="increment" itemId="135717408" frame_id="frame(104:5:471)" viewId="Hidden 41" > <item separator="." expr="this.super.rgm.WDOGLOAD.LOADVAL.super" open="1" name="super" depth="1" /></data>}
synopsys::xml {evaluate <data updateType="increment" itemId="135366304" frame_id="frame(104:5:471)" viewId="Hidden 42" > <item separator="." expr="this.super.rgm.WDOGLOAD" open="1" name="WDOGLOAD" depth="1" /></data>}
synopsys::xml {evaluate <data updateType="increment" itemId="134525696" frame_id="frame(104:5:471)" viewId="Hidden 43" > <item separator="." expr="this.super.rgm.WDOGLOAD.super" open="1" name="super" depth="1" /></data>}
synopsys::xml {evaluate <data updateType="increment" itemId="135665664" frame_id="frame(104:5:471)" viewId="Hidden 44" > <item separator="." expr="this.super.rgm.WDOGLOAD.super.super" open="1" name="super" depth="1" /></data>}
synopsys::xml {evaluate <data updateType="increment" itemId="135356816" frame_id="frame(104:5:471)" viewId="Hidden 45" > <item separator="." expr="this.super.rgm" open="1" name="rgm" depth="1" /></data>}
synopsys::xml {evaluate <data updateType="increment" itemId="135291264" frame_id="frame(104:5:471)" viewId="Hidden 46" > <item separator="." expr="this.super.rgm.super" open="1" name="super" depth="1" /></data>}
synopsys::xml {evaluate <data updateType="increment" itemId="135812848" frame_id="frame(104:5:471)" viewId="Hidden 47" > <item separator="." expr="this.super.rgm.super.super" open="1" name="super" depth="1" /></data>}
synopsys::xml {evaluate <data updateType="increment" itemId="135348272" frame_id="frame(104:5:471)" viewId="Hidden 48" > <item separator="." expr="this.super" open="1" name="super" depth="1" /></data>}
synopsys::xml {evaluate <data updateType="increment" itemId="134490416" frame_id="frame(104:5:471)" viewId="Hidden 49" > <item separator="." expr="this.super.super" open="1" name="super" depth="1" /></data>}
synopsys::xml {evaluate <data updateType="increment" itemId="135992912" frame_id="frame(104:5:471)" viewId="Hidden 50" > <item separator="." expr="this.super.super.super" open="1" name="super" depth="1" /></data>}
synopsys::xml {evaluate <data updateType="increment" itemId="135864848" frame_id="frame(104:5:471)" viewId="Hidden 51" > <item separator="." expr="this.super.super.super.super" open="1" name="super" depth="1" /></data>}
synopsys::run
set ucliGUI::state
set ucliGUI::state
set ucliGUI::state
set ucliGUI::state
set ucliGUI::state
synopsys::xml get_stop_data
synopsys::xml {frames <data updateType="preserve" itemId="none" viewId="Stack.1" > <item frame_id="frame(104:4:470)" /> <item frame_id="frame(104:0:469)" /> <item frame_id="frame(76:18:467)" /> <item frame_id="frame(76:17:466)" /> <item frame_id="frame(76:9:457)" /> <item frame_id="frame(76:8:3088)" /> <item frame_id="frame(76:0:1236)" /> <item frame_id="frame(49:260:1235)" /> <item frame_id="frame(49:259:1234)" /> <item frame_id="frame(49:0:3070)" /> <item frame_id="frame(47:555:3069)" /> <item frame_id="frame(47:1:3059)" /> <item frame_id="frame(47:0:3058)" /> <item frame_id="frame(40:20:3057)" /> <item frame_id="frame(40:19:3056)" /> <item frame_id="frame(40:4:3054)" /> <item frame_id="frame(40:0:3125)" /> <item frame_id="frame(34:521:3124)" /> <item frame_id="frame(34:245:3120)" /> <item frame_id="frame(34:241:3031)" /> <item frame_id="frame(34:0:6)" /> <item frame_id="frame(rkv_watchdog_tb)" /></data>}
synopsys::xml {locals <data updateType="preserve" itemId="none" frame_id="frame(104:5:471)" viewId="Local.1" />}
synopsys::xml {evaluate <data updateType="increment" itemId="134493616" frame_id="frame(104:5:471)" viewId="Hidden 52" > <item separator="." expr="this" open="1" name="this" depth="1" /></data>}
synopsys::run
set ucliGUI::state
set ucliGUI::state
set ucliGUI::state
set ucliGUI::state
set ucliGUI::state
synopsys::xml get_stop_data
synopsys::xml {frames <data updateType="preserve" itemId="none" viewId="Stack.1" > <item frame_id="frame(104:4:470)" /> <item frame_id="frame(104:0:469)" /> <item frame_id="frame(76:18:467)" /> <item frame_id="frame(76:17:466)" /> <item frame_id="frame(76:9:457)" /> <item frame_id="frame(76:8:3088)" /> <item frame_id="frame(76:0:1236)" /> <item frame_id="frame(49:260:1235)" /> <item frame_id="frame(49:259:1234)" /> <item frame_id="frame(49:0:3070)" /> <item frame_id="frame(47:555:3069)" /> <item frame_id="frame(47:1:3059)" /> <item frame_id="frame(47:0:3058)" /> <item frame_id="frame(40:20:3057)" /> <item frame_id="frame(40:19:3056)" /> <item frame_id="frame(40:4:3054)" /> <item frame_id="frame(40:0:3125)" /> <item frame_id="frame(34:521:3124)" /> <item frame_id="frame(34:245:3120)" /> <item frame_id="frame(34:241:3031)" /> <item frame_id="frame(34:0:6)" /> <item frame_id="frame(rkv_watchdog_tb)" /></data>}
synopsys::xml {locals <data updateType="preserve" itemId="none" frame_id="frame(104:5:471)" viewId="Local.1" />}
synopsys::xml {evaluate <data updateType="increment" itemId="134493616" frame_id="frame(104:5:471)" viewId="Hidden 53" > <item separator="." expr="this" open="1" name="this" depth="1" /></data>}
synopsys::run
set ucliGUI::state
set ucliGUI::state
set ucliGUI::state
set ucliGUI::state
set ucliGUI::state
synopsys::xml get_stop_data
synopsys::xml {frames <data updateType="preserve" itemId="none" viewId="Stack.1" > <item frame_id="frame(104:4:470)" /> <item frame_id="frame(104:0:469)" /> <item frame_id="frame(76:18:467)" /> <item frame_id="frame(76:17:466)" /> <item frame_id="frame(76:9:457)" /> <item frame_id="frame(76:8:3088)" /> <item frame_id="frame(76:0:1236)" /> <item frame_id="frame(49:260:1235)" /> <item frame_id="frame(49:259:1234)" /> <item frame_id="frame(49:0:3070)" /> <item frame_id="frame(47:555:3069)" /> <item frame_id="frame(47:1:3059)" /> <item frame_id="frame(47:0:3058)" /> <item frame_id="frame(40:20:3057)" /> <item frame_id="frame(40:19:3056)" /> <item frame_id="frame(40:4:3054)" /> <item frame_id="frame(40:0:3125)" /> <item frame_id="frame(34:521:3124)" /> <item frame_id="frame(34:245:3120)" /> <item frame_id="frame(34:241:3031)" /> <item frame_id="frame(34:0:6)" /> <item frame_id="frame(rkv_watchdog_tb)" /></data>}
synopsys::xml {locals <data updateType="preserve" itemId="none" frame_id="frame(104:5:471)" viewId="Local.1" />}
synopsys::xml {evaluate <data updateType="increment" itemId="134493616" frame_id="frame(104:5:471)" viewId="Hidden 54" > <item separator="." expr="this" open="1" name="this" depth="1" /></data>}
synopsys::xml {evaluate <data updateType="increment" itemId="135493456" frame_id="frame(104:5:471)" viewId="Hidden 55" > <item separator="." expr="this.super.rgm.WDOGLOAD.LOADVAL" open="1" name="LOADVAL" depth="1" /></data>}
synopsys::xml {evaluate <data updateType="increment" itemId="135717408" frame_id="frame(104:5:471)" viewId="Hidden 56" > <item separator="." expr="this.super.rgm.WDOGLOAD.LOADVAL.super" open="1" name="super" depth="1" /></data>}
synopsys::xml {evaluate <data updateType="increment" itemId="135366304" frame_id="frame(104:5:471)" viewId="Hidden 57" > <item separator="." expr="this.super.rgm.WDOGLOAD" open="1" name="WDOGLOAD" depth="1" /></data>}
synopsys::xml {evaluate <data updateType="increment" itemId="134525696" frame_id="frame(104:5:471)" viewId="Hidden 58" > <item separator="." expr="this.super.rgm.WDOGLOAD.super" open="1" name="super" depth="1" /></data>}
synopsys::xml {evaluate <data updateType="increment" itemId="135665664" frame_id="frame(104:5:471)" viewId="Hidden 59" > <item separator="." expr="this.super.rgm.WDOGLOAD.super.super" open="1" name="super" depth="1" /></data>}
synopsys::xml {evaluate <data updateType="increment" itemId="135356816" frame_id="frame(104:5:471)" viewId="Hidden 60" > <item separator="." expr="this.super.rgm" open="1" name="rgm" depth="1" /></data>}
synopsys::xml {evaluate <data updateType="increment" itemId="135291264" frame_id="frame(104:5:471)" viewId="Hidden 61" > <item separator="." expr="this.super.rgm.super" open="1" name="super" depth="1" /></data>}
synopsys::xml {evaluate <data updateType="increment" itemId="135812848" frame_id="frame(104:5:471)" viewId="Hidden 62" > <item separator="." expr="this.super.rgm.super.super" open="1" name="super" depth="1" /></data>}
synopsys::xml {evaluate <data updateType="increment" itemId="135348272" frame_id="frame(104:5:471)" viewId="Hidden 63" > <item separator="." expr="this.super" open="1" name="super" depth="1" /></data>}
synopsys::xml {evaluate <data updateType="increment" itemId="134490416" frame_id="frame(104:5:471)" viewId="Hidden 64" > <item separator="." expr="this.super.super" open="1" name="super" depth="1" /></data>}
synopsys::xml {evaluate <data updateType="increment" itemId="135992912" frame_id="frame(104:5:471)" viewId="Hidden 65" > <item separator="." expr="this.super.super.super" open="1" name="super" depth="1" /></data>}
synopsys::xml {evaluate <data updateType="increment" itemId="135864848" frame_id="frame(104:5:471)" viewId="Hidden 66" > <item separator="." expr="this.super.super.super.super" open="1" name="super" depth="1" /></data>}
if [catch {gui_sim_terminate}] {gui_sim_terminate -kill}
synopsys::finish
set ucliGUI::state
set ucliGUI::state
ucli_exit
