# Preference setting overrides
gui_set_pref_value -category {Globals} -key {app_default_font} -value {Courier 10 Pitch,16,-1,5,50,0,0,0,0,0}
gui_set_pref_value -category {Globals} -key {app_fixed_width_font} -value {Courier 10 Pitch,18,-1,5,50,0,0,0,0,0}
gui_create_pref_key -category {Globals} -key {load_detail_for_funcov} -value_type {bool} -value {false}
gui_create_pref_category -category {dlg_settings}
gui_create_pref_key -category {dlg_settings} -key {tableWithImmediatePopup} -value_type {bool} -value {true}

# State setting overrides
gui_state_default_create -off -ini
gui_set_state_value -category Globals -key recent_sessions -value {{gui_load_session -ignore_errors -file /home/verifier/project/rkv_labs/v2x_addon/cmsdk_apb_watchdog/uvm/sim/rkv_watchdog_debug_wave.do} {gui_load_session -ignore_errors -file /home/verifier/project/rkv_labs/v2x_addon/cmsdk_apb_watchdog/uvm/sim/rkv_watchdog_debug_wave.tcl}}
gui_set_state_value -category Layout -key child_console_size_x -value 3839
gui_set_state_value -category Layout -key child_console_size_y -value 363
gui_set_state_value -category Layout -key child_data_coltype -value 211
gui_set_state_value -category Layout -key child_data_colvalue -value 268
gui_set_state_value -category Layout -key child_data_colvariable -value 338
gui_set_state_value -category Layout -key child_data_size_x -value 814
gui_set_state_value -category Layout -key child_data_size_y -value 1480
gui_set_state_value -category Layout -key child_hier_col3 -value {-1}
gui_set_state_value -category Layout -key child_hier_colhier -value 584
gui_set_state_value -category Layout -key child_hier_colpd -value 0
gui_set_state_value -category Layout -key child_hier_coltype -value 103
gui_set_state_value -category Layout -key child_hier_size_x -value 684
gui_set_state_value -category Layout -key child_hier_size_y -value 1480
gui_set_state_value -category Layout -key child_source_docknewline -value false
gui_set_state_value -category Layout -key child_source_pos_x -value {-2}
gui_set_state_value -category Layout -key child_source_pos_y -value {-25}
gui_set_state_value -category Layout -key child_source_size_x -value 2344
gui_set_state_value -category Layout -key child_source_size_y -value 1477
gui_set_state_value -category Layout -key child_wave_colname -value 570
gui_set_state_value -category Layout -key child_wave_colvalue -value 540
gui_set_state_value -category Layout -key child_wave_left -value 1115
gui_set_state_value -category Layout -key child_wave_right -value 2719
gui_set_state_value -category Layout -key main_pos_x -value 1
gui_set_state_value -category Layout -key main_pos_y -value 132
gui_set_state_value -category Layout -key main_size_x -value 3840
gui_set_state_value -category Layout -key main_size_y -value 2084
gui_set_state_value -category Layout -key stand_source_child_pos_x -value {-2}
gui_set_state_value -category Layout -key stand_source_child_pos_y -value {-17}
gui_set_state_value -category Layout -key stand_source_child_size_x -value 2655
gui_set_state_value -category Layout -key stand_source_child_size_y -value 1465
gui_set_state_value -category Layout -key stand_wave_child_pos_x -value {-2}
gui_set_state_value -category Layout -key stand_wave_child_pos_y -value {-25}
gui_set_state_value -category Layout -key stand_wave_child_size_x -value 3844
gui_set_state_value -category Layout -key stand_wave_child_size_y -value 1840
gui_set_state_value -category Layout -key stand_wave_top_pos_x -value 2
gui_set_state_value -category Layout -key stand_wave_top_pos_y -value 76
gui_set_state_value -category Layout -key stand_wave_top_size_x -value 3841
gui_set_state_value -category Layout -key stand_wave_top_size_y -value 2028
gui_set_state_value -category Class -key showOVM -value false
gui_set_state_value -category Class -key showObject -value false
gui_set_state_value -category Class -key showRVM -value false
gui_set_state_value -category Class -key showVMM -value false
gui_create_state_key -category FindDialog -key m_pMatchCase -value_type bool -value false
gui_create_state_key -category FindDialog -key m_pMatchWord -value_type bool -value false
gui_create_state_key -category FindDialog -key m_pUseCombo -value_type string -value {}
gui_create_state_key -category FindDialog -key m_pWrapAround -value_type bool -value true
gui_create_state_key -category Widget_History -key TopLevel.1|qt_left_dock|DockWnd1|HSPane.1|pages|Class.1|hbox|textfilter -value_type string -value {{*rkv_watchdog_ regacc} regacc {} *regacc}
gui_state_default_create -off

# Begin command logging
gui_set_pref_value -category {Globals} -key {smart_resize} -value {false}
gui_set_pref_value -category {Globals} -key {smart_resize} -value {true}
gui_sim_run Ucli -exe ./rkv_watchdog_tb.simv -args {-ucligui  -a run.log +ntb_random_seed=1 +UVM_TESTNAME=rkv_watchdog_resen_test -do rkv_watchdog_sim_run.do} -dir .
gui_wv_zoom_timerange -id  Wave.1 0 227
gui_wv_zoom_timerange -id  Wave.1 0 885
gui_wv_zoom_timerange -id  Wave.1 0 885
gui_wv_zoom_timerange -id  Wave.1 0 10158
gui_show_window -window  Member.1
gui_show_window -window  Class.1
gui_list_set_filter -id Class.1 -text {*scoreboard*}
gui_list_select -id Class.1 -selected { {$class.rkv_watchdog_scoreboard}   }
gui_list_action -id  Class.1 {$class.rkv_watchdog_scoreboard}
gui_sim_watch { -file  $::env(PWD)/../env/rkv_watchdog_scoreboard.sv  -line  86  }
gui_sim_watch { -file  $::env(PWD)/../env/rkv_watchdog_scoreboard.sv  -line  87  }
gui_sim_watch { -file  $::env(PWD)/../env/rkv_watchdog_scoreboard.sv  -line  96  }
gui_sim_watch { -file  $::env(PWD)/../env/rkv_watchdog_scoreboard.sv  -line  97  }
gui_sim_watch { -file  $::env(PWD)/../env/rkv_watchdog_scoreboard.sv  -line  98  }
gui_sim_watch { -file  $::env(PWD)/../env/rkv_watchdog_scoreboard.sv  -line  104  }
gui_sim_watch { -file  $::env(PWD)/../env/rkv_watchdog_scoreboard.sv  -line  104  }
gui_sim_watch { -file  $::env(PWD)/../env/rkv_watchdog_scoreboard.sv  -line  105  }
gui_sim_watch { -file  $::env(PWD)/../env/rkv_watchdog_scoreboard.sv  -line  104  }
gui_sim_watch { -file  $::env(PWD)/../env/rkv_watchdog_scoreboard.sv  -line  104  }
gui_src_highlight_item -id Source.1 -lfrom 106 -idxfrom 12 -fileIdFrom 0 -lto 106 -idxto 31 -fileIdTo 0 -selection {cfg.scb_check_error} -selectionId 0 -replace 0
gui_sim_watch { -file  $::env(PWD)/../env/rkv_watchdog_scoreboard.sv  -line  111  }
gui_sim_watch { -file  $::env(PWD)/../env/rkv_watchdog_scoreboard.sv  -line  106  }
gui_sim_watch { -file  $::env(PWD)/../env/rkv_watchdog_scoreboard.sv  -line  99  }
gui_sim_continue  
gui_sim_continue  
gui_sim_continue  
gui_sim_continue  
gui_sim_continue  
gui_sim_continue  
gui_sim_continue  
gui_sim_continue  
gui_sim_continue  
gui_sim_continue  
gui_sim_continue  
gui_sim_continue  
gui_sim_continue  
gui_sim_continue  
gui_sim_continue  
gui_sim_continue  
gui_marker_move -id  Wave.1 C1 38773338
gui_wv_zoom_timerange -id  Wave.1 38769921 38782680
gui_marker_move -id  Wave.1 C1 38772333
gui_zoom -window Wave.1 -full
gui_marker_move -id  Wave.1 C1 26090199
gui_marker_move -id  Wave.1 C1 25769934
gui_close_window -window TopLevel.2
