
Warning-[RT_SMLWITHGUI] Smartlog with -gui
  The '-sml' flag is ignored; Smartlog is always enabled with '-gui'.
  The Smartlog is stored at DVEfiles/dve_gui.log.

Chronologic VCS simulator copyright 1991-2018
Contains Synopsys proprietary information.
Compiler version O-2018.09-SP2_Full64; Runtime version O-2018.09-SP2_Full64;  May  6 16:05 2022
UVM_INFO /opt/synopsys/vcs/vcs-mx/O-2018.09-SP2/etc/uvm-1.2/base/uvm_root.svh(402) @ 0: reporter [UVM/RELNOTES] 
----------------------------------------------------------------
UVM-1.2.Synopsys
(C) 2007-2014 Mentor Graphics Corporation
(C) 2007-2014 Cadence Design Systems, Inc.
(C) 2006-2014 Synopsys, Inc.
(C) 2011-2013 Cypress Semiconductor Corp.
(C) 2013-2014 NVIDIA Corporation
----------------------------------------------------------------

  ***********       IMPORTANT RELEASE NOTES         ************

  You are using a version of the UVM library that has been compiled
  with `UVM_NO_DEPRECATED undefined.
  See http://www.eda.org/svdb/view.php?id=3313 for more details.

  You are using a version of the UVM library that has been compiled
  with `UVM_OBJECT_DO_NOT_NEED_CONSTRUCTOR undefined.
  See http://www.eda.org/svdb/view.php?id=3770 for more details.

      (Specify +UVM_NO_RELNOTES to turn off this notice)

VCD+ Writer O-2018.09-SP2_Full64 Copyright (c) 1991-2018 by Synopsys Inc.
The design has assertions or cover properties.
The assertion browser can be used to view them. Click on the assertion toolbar button or use the menu 'Window->Panes->Assertion' to open it.
The file '/home/verifier/project/rkv_labs/v2x_addon/cmsdk_apb_watchdog/uvm/sim/inter.vpd' was opened successfully.
GUI mode
dve> restart
Chronologic VCS simulator copyright 1991-2018
Contains Synopsys proprietary information.
Compiler version O-2018.09-SP2_Full64; Runtime version O-2018.09-SP2_Full64;  May  6 16:08 2022
UVM_INFO /opt/synopsys/vcs/vcs-mx/O-2018.09-SP2/etc/uvm-1.2/base/uvm_root.svh(402) @ 0: reporter [UVM/RELNOTES] 
----------------------------------------------------------------
UVM-1.2.Synopsys
(C) 2007-2014 Mentor Graphics Corporation
(C) 2007-2014 Cadence Design Systems, Inc.
(C) 2006-2014 Synopsys, Inc.
(C) 2011-2013 Cypress Semiconductor Corp.
(C) 2013-2014 NVIDIA Corporation
----------------------------------------------------------------

  ***********       IMPORTANT RELEASE NOTES         ************

  You are using a version of the UVM library that has been compiled
  with `UVM_NO_DEPRECATED undefined.
  See http://www.eda.org/svdb/view.php?id=3313 for more details.

  You are using a version of the UVM library that has been compiled
  with `UVM_OBJECT_DO_NOT_NEED_CONSTRUCTOR undefined.
  See http://www.eda.org/svdb/view.php?id=3770 for more details.

      (Specify +UVM_NO_RELNOTES to turn off this notice)

VCD+ Writer O-2018.09-SP2_Full64 Copyright (c) 1991-2018 by Synopsys Inc.
The file '/home/verifier/project/rkv_labs/v2x_addon/cmsdk_apb_watchdog/uvm/sim/inter.vpd' was opened successfully.
GUI mode
dve> run
UVM_INFO @ 0: reporter [RNTST] Running test rkv_watchdog_apbacc_test...
Stopping new assertion attempts at time 0ps: level = 0 arg = * (from inst rkv_watchdog_tb.apb_if_inst (../vip_lib/apb_pkg/apb_if.sv:182))
Starting assertion attempts at time 2000ps: level = 0 arg = * (from inst rkv_watchdog_tb.apb_if_inst (../vip_lib/apb_pkg/apb_if.sv:184))
Stopping new assertion attempts at time 22000ps: level = 0 arg = * (from inst rkv_watchdog_tb.apb_if_inst (../vip_lib/apb_pkg/apb_if.sv:182))
Starting assertion attempts at time 42000ps: level = 0 arg = * (from inst rkv_watchdog_tb.apb_if_inst (../vip_lib/apb_pkg/apb_if.sv:184))
UVM_INFO ../seq_lib/rkv_watchdog_base_virtual_sequence.sv(18) @ 95000: uvm_test_top.env.virt_sqr@@this [body] Entered...
UVM_INFO ../seq_lib/rkv_watchdog_base_virtual_sequence.sv(22) @ 95000: uvm_test_top.env.virt_sqr@@this [body] Exiting...
UVM_INFO ../seq_lib/rkv_watchdog_apbacc_virt_seq.sv(13) @ 95000: uvm_test_top.env.virt_sqr@@this [body] Entered...
UVM_INFO ../seq_lib/rkv_watchdog_base_virtual_sequence.sv(29) @ 115000: uvm_test_top.env.virt_sqr@@this [CMPSUC] val1 'h24 === val2 'h24
UVM_INFO ../seq_lib/rkv_watchdog_base_virtual_sequence.sv(29) @ 145000: uvm_test_top.env.virt_sqr@@this [CMPSUC] val1 'hb8 === val2 'hb8
UVM_INFO ../seq_lib/rkv_watchdog_base_virtual_sequence.sv(29) @ 175000: uvm_test_top.env.virt_sqr@@this [CMPSUC] val1 'h1b === val2 'h1b
UVM_INFO ../seq_lib/rkv_watchdog_base_virtual_sequence.sv(29) @ 205000: uvm_test_top.env.virt_sqr@@this [CMPSUC] val1 'hb0 === val2 'hb0
UVM_INFO ../seq_lib/rkv_watchdog_apbacc_virt_seq.sv(24) @ 205000: uvm_test_top.env.virt_sqr@@this [body] Exiting...
UVM_INFO /opt/synopsys/vcs/vcs-mx/O-2018.09-SP2/etc/uvm-1.2/base/uvm_objection.svh(1276) @ 205000: reporter [TEST_DONE] 'run' phase is ready to proceed to the 'extract' phase
UVM_INFO ../env/rkv_watchdog_env.sv(44) @ 205000: uvm_test_top.env [TEST_SUMMARY] ======================================CURRENT TEST SUMMARY 
SEQUENCE CHECK COUNT: 4 
SEQUENCE CHECK ERROR: 0 
SCOREBOARD CHECK COUNT: 0 
SCOREBOARD CHECK ERROR: 0 
======================================
UVM_INFO /opt/synopsys/vcs/vcs-mx/O-2018.09-SP2/etc/uvm-1.2/base/uvm_report_catcher.svh(705) @ 205000: reporter [UVM/REPORT/CATCHER] 
--- UVM Report catcher Summary ---


Number of demoted UVM_FATAL reports  :    0
Number of demoted UVM_ERROR reports  :    0
Number of demoted UVM_WARNING reports:    0
Number of caught UVM_FATAL reports   :    0
Number of caught UVM_ERROR reports   :    0
Number of caught UVM_WARNING reports :    0

UVM_INFO /opt/synopsys/vcs/vcs-mx/O-2018.09-SP2/etc/uvm-1.2/base/uvm_report_server.svh(894) @ 205000: reporter [UVM/REPORT/SERVER] 
--- UVM Report Summary ---

** Report counts by severity
UVM_INFO :   13
UVM_WARNING :    0
UVM_ERROR :    0
UVM_FATAL :    0
** Report counts by id
[CMPSUC]     4
[RNTST]     1
[TEST_DONE]     1
[TEST_SUMMARY]     1
[UVM/RELNOTES]     1
[UVM/REPORT/CATCHER]     1
[body]     4

$finish called from file "/opt/synopsys/vcs/vcs-mx/O-2018.09-SP2/etc/uvm-1.2/base/uvm_root.svh", line 527.
$finish at simulation time               205000
"../vip_lib/apb_pkg/apb_if.sv", 114: rkv_watchdog_tb.apb_if_inst.unnamed$$_5: started at 205000ps not finished
"../vip_lib/apb_pkg/apb_if.sv", 125: rkv_watchdog_tb.apb_if_inst.unnamed$$_9: started at 205000ps not finished
"../vip_lib/apb_pkg/apb_if.sv", 131: rkv_watchdog_tb.apb_if_inst.unnamed$$_11: started at 205000ps not finished
"../vip_lib/apb_pkg/apb_if.sv", 153: rkv_watchdog_tb.apb_if_inst.unnamed$$_16: Antecedent of the implication never satisfied.
"../vip_lib/apb_pkg/apb_if.sv", 159: rkv_watchdog_tb.apb_if_inst.unnamed$$_17: Antecedent of the implication never satisfied.
"../vip_lib/apb_pkg/apb_if.sv", 164: rkv_watchdog_tb.apb_if_inst.unnamed$$_18: started at 205000ps not finished
"../vip_lib/apb_pkg/apb_if.sv", 169: rkv_watchdog_tb.apb_if_inst.unnamed$$_19: started at 205000ps not finished
"../vip_lib/apb_pkg/apb_if.sv", 175: rkv_watchdog_tb.apb_if_inst.unnamed$$_20: started at 205000ps not finished
"../vip_lib/apb_pkg/apb_if.sv", 142: rkv_watchdog_tb.apb_if_inst.unnamed$$_14, 19 attempts, 0 match
"../vip_lib/apb_pkg/apb_if.sv", 147: rkv_watchdog_tb.apb_if_inst.unnamed$$_15, 19 attempts, 0 match
"../vip_lib/apb_pkg/apb_if.sv", 153: rkv_watchdog_tb.apb_if_inst.unnamed$$_16, 19 attempts, 0 match
"../vip_lib/apb_pkg/apb_if.sv", 159: rkv_watchdog_tb.apb_if_inst.unnamed$$_17, 19 attempts, 0 match
"../vip_lib/apb_pkg/apb_if.sv", 164: rkv_watchdog_tb.apb_if_inst.unnamed$$_18, 19 attempts, 3 match
"../vip_lib/apb_pkg/apb_if.sv", 169: rkv_watchdog_tb.apb_if_inst.unnamed$$_19, 19 attempts, 0 match
"../vip_lib/apb_pkg/apb_if.sv", 175: rkv_watchdog_tb.apb_if_inst.unnamed$$_20, 19 attempts, 0 match
Simulation complete, time is 205000 ps.
dve> restart
Chronologic VCS simulator copyright 1991-2018
Contains Synopsys proprietary information.
Compiler version O-2018.09-SP2_Full64; Runtime version O-2018.09-SP2_Full64;  May  6 16:12 2022
UVM_INFO /opt/synopsys/vcs/vcs-mx/O-2018.09-SP2/etc/uvm-1.2/base/uvm_root.svh(402) @ 0: reporter [UVM/RELNOTES] 
----------------------------------------------------------------
UVM-1.2.Synopsys
(C) 2007-2014 Mentor Graphics Corporation
(C) 2007-2014 Cadence Design Systems, Inc.
(C) 2006-2014 Synopsys, Inc.
(C) 2011-2013 Cypress Semiconductor Corp.
(C) 2013-2014 NVIDIA Corporation
----------------------------------------------------------------

  ***********       IMPORTANT RELEASE NOTES         ************

  You are using a version of the UVM library that has been compiled
  with `UVM_NO_DEPRECATED undefined.
  See http://www.eda.org/svdb/view.php?id=3313 for more details.

  You are using a version of the UVM library that has been compiled
  with `UVM_OBJECT_DO_NOT_NEED_CONSTRUCTOR undefined.
  See http://www.eda.org/svdb/view.php?id=3770 for more details.

      (Specify +UVM_NO_RELNOTES to turn off this notice)

VCD+ Writer O-2018.09-SP2_Full64 Copyright (c) 1991-2018 by Synopsys Inc.
The file '/home/verifier/project/rkv_labs/v2x_addon/cmsdk_apb_watchdog/uvm/sim/inter.vpd' was opened successfully.
GUI mode
dve> run
UVM_INFO @ 0: reporter [RNTST] Running test rkv_watchdog_apbacc_test...
Stopping new assertion attempts at time 0ps: level = 0 arg = * (from inst rkv_watchdog_tb.apb_if_inst (../vip_lib/apb_pkg/apb_if.sv:182))
Starting assertion attempts at time 2000ps: level = 0 arg = * (from inst rkv_watchdog_tb.apb_if_inst (../vip_lib/apb_pkg/apb_if.sv:184))
Stopping new assertion attempts at time 22000ps: level = 0 arg = * (from inst rkv_watchdog_tb.apb_if_inst (../vip_lib/apb_pkg/apb_if.sv:182))
Starting assertion attempts at time 42000ps: level = 0 arg = * (from inst rkv_watchdog_tb.apb_if_inst (../vip_lib/apb_pkg/apb_if.sv:184))
UVM_INFO ../seq_lib/rkv_watchdog_base_virtual_sequence.sv(18) @ 95000: uvm_test_top.env.virt_sqr@@this [body] Entered...
UVM_INFO ../seq_lib/rkv_watchdog_base_virtual_sequence.sv(22) @ 95000: uvm_test_top.env.virt_sqr@@this [body] Exiting...
UVM_INFO ../seq_lib/rkv_watchdog_apbacc_virt_seq.sv(13) @ 95000: uvm_test_top.env.virt_sqr@@this [body] Entered...
UVM_INFO ../seq_lib/rkv_watchdog_base_virtual_sequence.sv(29) @ 115000: uvm_test_top.env.virt_sqr@@this [CMPSUC] val1 'h24 === val2 'h24
UVM_INFO ../seq_lib/rkv_watchdog_base_virtual_sequence.sv(29) @ 145000: uvm_test_top.env.virt_sqr@@this [CMPSUC] val1 'hb8 === val2 'hb8
UVM_INFO ../seq_lib/rkv_watchdog_base_virtual_sequence.sv(29) @ 175000: uvm_test_top.env.virt_sqr@@this [CMPSUC] val1 'h1b === val2 'h1b
UVM_INFO ../seq_lib/rkv_watchdog_base_virtual_sequence.sv(29) @ 205000: uvm_test_top.env.virt_sqr@@this [CMPSUC] val1 'hb0 === val2 'hb0
UVM_INFO ../seq_lib/rkv_watchdog_apbacc_virt_seq.sv(24) @ 205000: uvm_test_top.env.virt_sqr@@this [body] Exiting...
UVM_INFO /opt/synopsys/vcs/vcs-mx/O-2018.09-SP2/etc/uvm-1.2/base/uvm_objection.svh(1276) @ 205000: reporter [TEST_DONE] 'run' phase is ready to proceed to the 'extract' phase
UVM_INFO ../env/rkv_watchdog_env.sv(44) @ 205000: uvm_test_top.env [TEST_SUMMARY] /n======================================CURRENT TEST SUMMARY 
SEQUENCE CHECK COUNT: 4 
SEQUENCE CHECK ERROR: 0 
SCOREBOARD CHECK COUNT: 0 
SCOREBOARD CHECK ERROR: 0 
======================================
UVM_INFO /opt/synopsys/vcs/vcs-mx/O-2018.09-SP2/etc/uvm-1.2/base/uvm_report_catcher.svh(705) @ 205000: reporter [UVM/REPORT/CATCHER] 
--- UVM Report catcher Summary ---


Number of demoted UVM_FATAL reports  :    0
Number of demoted UVM_ERROR reports  :    0
Number of demoted UVM_WARNING reports:    0
Number of caught UVM_FATAL reports   :    0
Number of caught UVM_ERROR reports   :    0
Number of caught UVM_WARNING reports :    0

UVM_INFO /opt/synopsys/vcs/vcs-mx/O-2018.09-SP2/etc/uvm-1.2/base/uvm_report_server.svh(894) @ 205000: reporter [UVM/REPORT/SERVER] 
--- UVM Report Summary ---

** Report counts by severity
UVM_INFO :   13
UVM_WARNING :    0
UVM_ERROR :    0
UVM_FATAL :    0
** Report counts by id
[CMPSUC]     4
[RNTST]     1
[TEST_DONE]     1
[TEST_SUMMARY]     1
[UVM/RELNOTES]     1
[UVM/REPORT/CATCHER]     1
[body]     4

$finish called from file "/opt/synopsys/vcs/vcs-mx/O-2018.09-SP2/etc/uvm-1.2/base/uvm_root.svh", line 527.
$finish at simulation time               205000
"../vip_lib/apb_pkg/apb_if.sv", 114: rkv_watchdog_tb.apb_if_inst.unnamed$$_5: started at 205000ps not finished
"../vip_lib/apb_pkg/apb_if.sv", 125: rkv_watchdog_tb.apb_if_inst.unnamed$$_9: started at 205000ps not finished
"../vip_lib/apb_pkg/apb_if.sv", 131: rkv_watchdog_tb.apb_if_inst.unnamed$$_11: started at 205000ps not finished
"../vip_lib/apb_pkg/apb_if.sv", 153: rkv_watchdog_tb.apb_if_inst.unnamed$$_16: Antecedent of the implication never satisfied.
"../vip_lib/apb_pkg/apb_if.sv", 159: rkv_watchdog_tb.apb_if_inst.unnamed$$_17: Antecedent of the implication never satisfied.
"../vip_lib/apb_pkg/apb_if.sv", 164: rkv_watchdog_tb.apb_if_inst.unnamed$$_18: started at 205000ps not finished
"../vip_lib/apb_pkg/apb_if.sv", 169: rkv_watchdog_tb.apb_if_inst.unnamed$$_19: started at 205000ps not finished
"../vip_lib/apb_pkg/apb_if.sv", 175: rkv_watchdog_tb.apb_if_inst.unnamed$$_20: started at 205000ps not finished
"../vip_lib/apb_pkg/apb_if.sv", 142: rkv_watchdog_tb.apb_if_inst.unnamed$$_14, 19 attempts, 0 match
"../vip_lib/apb_pkg/apb_if.sv", 147: rkv_watchdog_tb.apb_if_inst.unnamed$$_15, 19 attempts, 0 match
"../vip_lib/apb_pkg/apb_if.sv", 153: rkv_watchdog_tb.apb_if_inst.unnamed$$_16, 19 attempts, 0 match
"../vip_lib/apb_pkg/apb_if.sv", 159: rkv_watchdog_tb.apb_if_inst.unnamed$$_17, 19 attempts, 0 match
"../vip_lib/apb_pkg/apb_if.sv", 164: rkv_watchdog_tb.apb_if_inst.unnamed$$_18, 19 attempts, 3 match
"../vip_lib/apb_pkg/apb_if.sv", 169: rkv_watchdog_tb.apb_if_inst.unnamed$$_19, 19 attempts, 0 match
"../vip_lib/apb_pkg/apb_if.sv", 175: rkv_watchdog_tb.apb_if_inst.unnamed$$_20, 19 attempts, 0 match
Simulation complete, time is 205000 ps.
dve> restart
Chronologic VCS simulator copyright 1991-2018
Contains Synopsys proprietary information.
Compiler version O-2018.09-SP2_Full64; Runtime version O-2018.09-SP2_Full64;  May  6 16:14 2022
UVM_INFO /opt/synopsys/vcs/vcs-mx/O-2018.09-SP2/etc/uvm-1.2/base/uvm_root.svh(402) @ 0: reporter [UVM/RELNOTES] 
----------------------------------------------------------------
UVM-1.2.Synopsys
(C) 2007-2014 Mentor Graphics Corporation
(C) 2007-2014 Cadence Design Systems, Inc.
(C) 2006-2014 Synopsys, Inc.
(C) 2011-2013 Cypress Semiconductor Corp.
(C) 2013-2014 NVIDIA Corporation
----------------------------------------------------------------

  ***********       IMPORTANT RELEASE NOTES         ************

  You are using a version of the UVM library that has been compiled
  with `UVM_NO_DEPRECATED undefined.
  See http://www.eda.org/svdb/view.php?id=3313 for more details.

  You are using a version of the UVM library that has been compiled
  with `UVM_OBJECT_DO_NOT_NEED_CONSTRUCTOR undefined.
  See http://www.eda.org/svdb/view.php?id=3770 for more details.

      (Specify +UVM_NO_RELNOTES to turn off this notice)

VCD+ Writer O-2018.09-SP2_Full64 Copyright (c) 1991-2018 by Synopsys Inc.
The file '/home/verifier/project/rkv_labs/v2x_addon/cmsdk_apb_watchdog/uvm/sim/inter.vpd' was opened successfully.
GUI mode
dve> run
UVM_INFO @ 0: reporter [RNTST] Running test rkv_watchdog_apbacc_test...
Stopping new assertion attempts at time 0ps: level = 0 arg = * (from inst rkv_watchdog_tb.apb_if_inst (../vip_lib/apb_pkg/apb_if.sv:182))
Starting assertion attempts at time 2000ps: level = 0 arg = * (from inst rkv_watchdog_tb.apb_if_inst (../vip_lib/apb_pkg/apb_if.sv:184))
Stopping new assertion attempts at time 22000ps: level = 0 arg = * (from inst rkv_watchdog_tb.apb_if_inst (../vip_lib/apb_pkg/apb_if.sv:182))
Starting assertion attempts at time 42000ps: level = 0 arg = * (from inst rkv_watchdog_tb.apb_if_inst (../vip_lib/apb_pkg/apb_if.sv:184))
UVM_INFO ../seq_lib/rkv_watchdog_base_virtual_sequence.sv(18) @ 95000: uvm_test_top.env.virt_sqr@@this [body] Entered...
UVM_INFO ../seq_lib/rkv_watchdog_base_virtual_sequence.sv(22) @ 95000: uvm_test_top.env.virt_sqr@@this [body] Exiting...
UVM_INFO ../seq_lib/rkv_watchdog_apbacc_virt_seq.sv(13) @ 95000: uvm_test_top.env.virt_sqr@@this [body] Entered...
UVM_INFO ../seq_lib/rkv_watchdog_base_virtual_sequence.sv(29) @ 115000: uvm_test_top.env.virt_sqr@@this [CMPSUC] val1 'h24 === val2 'h24
UVM_INFO ../seq_lib/rkv_watchdog_base_virtual_sequence.sv(29) @ 145000: uvm_test_top.env.virt_sqr@@this [CMPSUC] val1 'hb8 === val2 'hb8
UVM_INFO ../seq_lib/rkv_watchdog_base_virtual_sequence.sv(29) @ 175000: uvm_test_top.env.virt_sqr@@this [CMPSUC] val1 'h1b === val2 'h1b
UVM_INFO ../seq_lib/rkv_watchdog_base_virtual_sequence.sv(29) @ 205000: uvm_test_top.env.virt_sqr@@this [CMPSUC] val1 'hb0 === val2 'hb0
UVM_INFO ../seq_lib/rkv_watchdog_apbacc_virt_seq.sv(24) @ 205000: uvm_test_top.env.virt_sqr@@this [body] Exiting...
UVM_INFO /opt/synopsys/vcs/vcs-mx/O-2018.09-SP2/etc/uvm-1.2/base/uvm_objection.svh(1276) @ 205000: reporter [TEST_DONE] 'run' phase is ready to proceed to the 'extract' phase
UVM_INFO ../env/rkv_watchdog_env.sv(44) @ 205000: uvm_test_top.env [TEST_SUMMARY] 
====================================== 
CURRENT TEST SUMMARY 
SEQUENCE CHECK COUNT: 4 
SEQUENCE CHECK ERROR: 0 
SCOREBOARD CHECK COUNT: 0 
SCOREBOARD CHECK ERROR: 0 
====================================== 

UVM_INFO /opt/synopsys/vcs/vcs-mx/O-2018.09-SP2/etc/uvm-1.2/base/uvm_report_catcher.svh(705) @ 205000: reporter [UVM/REPORT/CATCHER] 
--- UVM Report catcher Summary ---


Number of demoted UVM_FATAL reports  :    0
Number of demoted UVM_ERROR reports  :    0
Number of demoted UVM_WARNING reports:    0
Number of caught UVM_FATAL reports   :    0
Number of caught UVM_ERROR reports   :    0
Number of caught UVM_WARNING reports :    0

UVM_INFO /opt/synopsys/vcs/vcs-mx/O-2018.09-SP2/etc/uvm-1.2/base/uvm_report_server.svh(894) @ 205000: reporter [UVM/REPORT/SERVER] 
--- UVM Report Summary ---

** Report counts by severity
UVM_INFO :   13
UVM_WARNING :    0
UVM_ERROR :    0
UVM_FATAL :    0
** Report counts by id
[CMPSUC]     4
[RNTST]     1
[TEST_DONE]     1
[TEST_SUMMARY]     1
[UVM/RELNOTES]     1
[UVM/REPORT/CATCHER]     1
[body]     4

$finish called from file "/opt/synopsys/vcs/vcs-mx/O-2018.09-SP2/etc/uvm-1.2/base/uvm_root.svh", line 527.
$finish at simulation time               205000
"../vip_lib/apb_pkg/apb_if.sv", 114: rkv_watchdog_tb.apb_if_inst.unnamed$$_5: started at 205000ps not finished
"../vip_lib/apb_pkg/apb_if.sv", 125: rkv_watchdog_tb.apb_if_inst.unnamed$$_9: started at 205000ps not finished
"../vip_lib/apb_pkg/apb_if.sv", 131: rkv_watchdog_tb.apb_if_inst.unnamed$$_11: started at 205000ps not finished
"../vip_lib/apb_pkg/apb_if.sv", 153: rkv_watchdog_tb.apb_if_inst.unnamed$$_16: Antecedent of the implication never satisfied.
"../vip_lib/apb_pkg/apb_if.sv", 159: rkv_watchdog_tb.apb_if_inst.unnamed$$_17: Antecedent of the implication never satisfied.
"../vip_lib/apb_pkg/apb_if.sv", 164: rkv_watchdog_tb.apb_if_inst.unnamed$$_18: started at 205000ps not finished
"../vip_lib/apb_pkg/apb_if.sv", 169: rkv_watchdog_tb.apb_if_inst.unnamed$$_19: started at 205000ps not finished
"../vip_lib/apb_pkg/apb_if.sv", 175: rkv_watchdog_tb.apb_if_inst.unnamed$$_20: started at 205000ps not finished
"../vip_lib/apb_pkg/apb_if.sv", 142: rkv_watchdog_tb.apb_if_inst.unnamed$$_14, 19 attempts, 0 match
"../vip_lib/apb_pkg/apb_if.sv", 147: rkv_watchdog_tb.apb_if_inst.unnamed$$_15, 19 attempts, 0 match
"../vip_lib/apb_pkg/apb_if.sv", 153: rkv_watchdog_tb.apb_if_inst.unnamed$$_16, 19 attempts, 0 match
"../vip_lib/apb_pkg/apb_if.sv", 159: rkv_watchdog_tb.apb_if_inst.unnamed$$_17, 19 attempts, 0 match
"../vip_lib/apb_pkg/apb_if.sv", 164: rkv_watchdog_tb.apb_if_inst.unnamed$$_18, 19 attempts, 3 match
"../vip_lib/apb_pkg/apb_if.sv", 169: rkv_watchdog_tb.apb_if_inst.unnamed$$_19, 19 attempts, 0 match
"../vip_lib/apb_pkg/apb_if.sv", 175: rkv_watchdog_tb.apb_if_inst.unnamed$$_20, 19 attempts, 0 match
Simulation complete, time is 205000 ps.
           V C S   S i m u l a t i o n   R e p o r t 
Time: 205000 ps
CPU Time:      0.600 seconds;       Data structure size:   8.6Mb
Fri May  6 16:39:59 2022
