# Preference setting overrides
gui_set_pref_value -category {Globals} -key {app_default_font} -value {Courier 10 Pitch,11,-1,5,50,0,0,0,0,0}
gui_set_pref_value -category {Globals} -key {app_fixed_width_font} -value {Courier 10 Pitch,11,-1,5,50,0,0,0,0,0}
gui_create_pref_key -category {Globals} -key {load_detail_for_funcov} -value_type {bool} -value {false}
gui_create_pref_category -category {dlg_settings}
gui_create_pref_key -category {dlg_settings} -key {tableWithImmediatePopup} -value_type {bool} -value {true}

# State setting overrides
gui_state_default_create -off -ini
gui_set_state_value -category Globals -key recent_sessions -value {{gui_load_session -ignore_errors -file /home/verifier/project/rkv_labs/v2x_addon/cmsdk_apb_watchdog/uvm/sim/rkv_watchdog_debug_wave.tcl}}
gui_set_state_value -category Layout -key child_console_size_x -value 3839
gui_set_state_value -category Layout -key child_console_size_y -value 379
gui_set_state_value -category Layout -key child_data_coltype -value 196
gui_set_state_value -category Layout -key child_data_colvalue -value 253
gui_set_state_value -category Layout -key child_data_colvariable -value 295
gui_set_state_value -category Layout -key child_data_size_x -value 552
gui_set_state_value -category Layout -key child_data_size_y -value 1487
gui_set_state_value -category Layout -key child_hier_col3 -value {-1}
gui_set_state_value -category Layout -key child_hier_colhier -value 331
gui_set_state_value -category Layout -key child_hier_colpd -value 0
gui_set_state_value -category Layout -key child_hier_size_x -value 415
gui_set_state_value -category Layout -key child_hier_size_y -value 1487
gui_set_state_value -category Layout -key child_source_docknewline -value false
gui_set_state_value -category Layout -key child_source_pos_x -value {-2}
gui_set_state_value -category Layout -key child_source_pos_y -value {-17}
gui_set_state_value -category Layout -key child_source_size_x -value 2875
gui_set_state_value -category Layout -key child_source_size_y -value 1483
gui_set_state_value -category Layout -key child_wave_colname -value 196
gui_set_state_value -category Layout -key child_wave_colvalue -value 159
gui_set_state_value -category Layout -key child_wave_left -value 359
gui_set_state_value -category Layout -key child_wave_right -value 3475
gui_set_state_value -category Layout -key main_pos_x -value 2
gui_set_state_value -category Layout -key main_pos_y -value 76
gui_set_state_value -category Layout -key main_size_x -value 3841
gui_set_state_value -category Layout -key main_size_y -value 2028
gui_set_state_value -category Layout -key stand_source_child_pos_x -value {-2}
gui_set_state_value -category Layout -key stand_source_child_pos_y -value {-17}
gui_set_state_value -category Layout -key stand_source_child_size_x -value 2655
gui_set_state_value -category Layout -key stand_source_child_size_y -value 1465
gui_set_state_value -category Layout -key stand_wave_child_pos_x -value {-2}
gui_set_state_value -category Layout -key stand_wave_child_pos_y -value {-17}
gui_set_state_value -category Layout -key stand_wave_child_size_x -value 3844
gui_set_state_value -category Layout -key stand_wave_child_size_y -value 1862
gui_set_state_value -category Layout -key stand_wave_top_pos_x -value 2
gui_set_state_value -category Layout -key stand_wave_top_pos_y -value 76
gui_set_state_value -category Layout -key stand_wave_top_size_x -value 3841
gui_set_state_value -category Layout -key stand_wave_top_size_y -value 2028
gui_set_state_value -category Class -key showOVM -value false
gui_set_state_value -category Class -key showObject -value false
gui_set_state_value -category Class -key showRVM -value false
gui_set_state_value -category Class -key showVMM -value false
gui_create_state_key -category FindDialog -key m_pMatchCase -value_type bool -value false
gui_create_state_key -category FindDialog -key m_pMatchWord -value_type bool -value false
gui_create_state_key -category FindDialog -key m_pUseCombo -value_type string -value {}
gui_create_state_key -category FindDialog -key m_pWrapAround -value_type bool -value true
gui_state_default_create -off

# Begin command logging
gui_set_pref_value -category {Globals} -key {smart_resize} -value {false}
gui_set_pref_value -category {Globals} -key {smart_resize} -value {true}
gui_sim_run Ucli -exe ./rkv_watchdog_tb.simv -args {-ucligui  -a run.log +ntb_random_seed=1 +UVM_TESTNAME=rkv_watchdog_apbacc_test -do rkv_watchdog_sim_run.do} -dir .
gui_wv_zoom_timerange -id  Wave.1 0 227
gui_wv_zoom_timerange -id  Wave.1 0 885
gui_wv_zoom_timerange -id  Wave.1 0 885
gui_wv_zoom_timerange -id  Wave.1 0 2031615
restart
gui_sim_restart
run
restart
gui_sim_restart
run
restart
gui_sim_restart
run
gui_close_window -window TopLevel.1
