ucliGUI::start /home/verifier/project/rkv_labs/v2x_addon/cmsdk_apb_watchdog/uvm/sim/rkv_watchdog_tb.simv -ucligui -l run.log +ntb_random_seed=1 +UVM_TESTNAME=rkv_watchdog_countdown_test -do rkv_watchdog_sim_run.do
set ucliGUI::state
set ucliGUI::state
ucliCore::getToolPID
synopsys::env hasTB
trigger_hier_stack_context_switch 0
synopsys::xml set_array_limit <data limit="50" />
synopsys::xml set_depth_limit <data limit="100" />
synopsys::xml set_string_limit <data limit="1000" />
synopsys::xml set_only_active_frame <data value="1" />
synopsys::xml set_variable_frame_id <data value="1" />
synUtils::setDVEInitPhase 1
synopsys::dump -type VPD -file /home/verifier/project/rkv_labs/v2x_addon/cmsdk_apb_watchdog/uvm/sim/inter.vpd -locking
synopsys::dump -autoflush on -fid VPD3
set ::dve_fid VPD3
synUtils::setDVEInitPhase 0
ucliCore::getToolPID
synUtils::sendTool -active _icl_setToolSocket /tmp/smlnpHUDhHN
synUtils::sendTool -active {_icl_start_rpc -version "O-2018.09-SP2_Full64" -sync_file /tmp/vcs_dve_rpc.verifier.39575}
synUtils::sendTool -active {_icl_createSharedMemory /tmp/vcs_dve_general.verifier.39575}
config endofsim noexit
config onfail enable all
config syscaddplainmembers
config syscaddsourcenames
config syscaddstructtypes
synopsys::listing -disable
if {[info command guiIsActive]==""} {   run } else {    echo "GUI mode"   dump -add / -depth 0   do ./rkv_watchdog_debug_wave.do }
set _wave_session_group_1 Group1
if {[gui_sg_is_group -name "$_wave_session_group_1"]} {     set _wave_session_group_1 [gui_sg_generate_new_name] }
set Group1 "$_wave_session_group_1"
synopsys::dump -add {rkv_watchdog_tb.apb_if_inst rkv_watchdog_tb.wdg_if_inst } -aggregates  -fid VPD3
set _wave_session_group_2 Group2
if {[gui_sg_is_group -name "$_wave_session_group_2"]} {     set _wave_session_group_2 [gui_sg_generate_new_name] }
set Group2 "$_wave_session_group_2"
set _wave_session_group_3 Group4
if {[gui_sg_is_group -name "$_wave_session_group_3"]} {     set _wave_session_group_3 [gui_sg_generate_new_name] }
set Group3 "$_wave_session_group_3"
if {![info exists useOldWindow]} {  	set useOldWindow true }
if {$useOldWindow && [string first "Wave" [gui_get_current_window -view]]==0} {  	set Wave.1 [gui_get_current_window -view]  } else { 	set Wave.1 [lindex [gui_get_window_ids -type Wave] 0] if {[string first "Wave" ${Wave.1}]!=0} { gui_open_window Wave set Wave.1 [ gui_get_current_window -view ] } }
set groupExD [gui_get_pref_value -category Wave -key exclusiveSG]
set origWaveHeight [gui_get_pref_value -category Wave -key waveRowHeight]
set origGroupCreationState [gui_list_create_group_when_add -wave]
if {$origGroupCreationState} { 	gui_list_create_group_when_add -wave -enable }
if { $groupExD } {  gui_msg_report -code DVWW028 }
# Begin_DVE_Session_Save_Info
# DVE restart session
# Saved on Sat May 14 17:10:34 2022
# Designs open: 1
#   Sim: /home/verifier/project/rkv_labs/v2x_addon/cmsdk_apb_watchdog/uvm/sim/rkv_watchdog_tb.simv
# Toplevel windows open: 2
# 	TopLevel.1
# 	TopLevel.2
#   Source.1:
#   Wave.1: 16 signals
#   Group count = 3
#   Group Group1 signal count = 9
#   Group Group2 signal count = 6
#   Group Group4 signal count = 1
# End_DVE_Session_Save_Info
# DVE version: O-2018.09-SP2_Full64
# DVE build date: Feb 28 2019 23:39:41
#<Session mode="Restart" path=".restartSimSession.tcl" type="Debug">
# Application preferences
#<WindowLayout>
# DVE top-level session
# Create and position top-level window: TopLevel.1
set TopLevel.1 TopLevel.1
# Docked window settings
set HSPane.1 HSPane.1
set Hier.1 Hier.1
set Stack.1 Stack.1
set Class.1 Class.1
set Object.1 Object.1
set DLPane.1 DLPane.1
set Data.1 Data.1
set Local.1 Local.1
set Member.1 Member.1
set Console.1 Console.1
# MDI window settings
set Source.1 Source.1
# End MDI window settings
# Create and position top-level window: TopLevel.2
set TopLevel.2 TopLevel.2
# Docked window settings
# MDI window settings
set Wave.1 Wave.1
# End MDI window settings
#</WindowLayout>
#<Database>
#</Database>
# DVE Global setting session:
# Global: Breakpoints
# Global: Bus
# Global: Expressions
# Global: Signal Time Shift
# Global: Signal Compare
# Global: Signal Groups
synopsys::dump -add {rkv_watchdog_tb.dut} -scope "." -depth 1 -fid VPD3
synopsys::dump -add {rkv_watchdog_tb.dut.u_apb_watchdog_frc} -scope "." -depth 1 -fid VPD3
set _session_group_7 Group1
set Group1 "$_session_group_7"
set _session_group_8 Group2
set Group2 "$_session_group_8"
set _session_group_9 Group4
set Group4 "$_session_group_9"
# Global: Highlighting
# Global: Stack
# Post database loading setting...
# Save global setting...
# Wave/List view global setting
# Close all empty TopLevel windows
foreach __top [gui_ekki_get_window_ids -type TopLevel] {     if { [llength [gui_ekki_get_window_ids -parent $__top]] == 0} {         gui_close_window -window $__top     } }
# DVE View/pane content session:
# Hier 'Hier.1'
catch {gui_list_select -id ${Hier.1} {uvm_custom_install_recording}}
# Class 'Class.1'
# Member 'Member.1'
# Data 'Data.1'
# Source 'Source.1'
# Warning: Class view not found.
# View 'Wave.1'
set groupExD [gui_get_pref_value -category Wave -key exclusiveSG]
set origWaveHeight [gui_get_pref_value -category Wave -key waveRowHeight]
set origGroupCreationState [gui_list_create_group_when_add -wave]
if {$origGroupCreationState} { 	gui_list_create_group_when_add -wave -enable }
if { $groupExD } {  gui_msg_report -code DVWW028 }
# Restore toplevel window zorder
# The toplevel window could be closed if it has no view/pane
if {[gui_exist_window -window ${TopLevel.2}]} { 	gui_set_active_window -window ${TopLevel.2} 	gui_set_active_window -window ${Wave.1} }
if {[gui_exist_window -window ${TopLevel.1}]} { 	gui_set_active_window -window ${TopLevel.1} 	gui_set_active_window -window ${Source.1} 	gui_set_active_window -window ${Console.1} }
#</Session>
synopsys::xml {frames <data updateType="preserve" itemId="none" viewId="Stack.1" />}
synopsys::xml {frames <data updateType="preserve" itemId="none" viewId="Stack.1" />}
run
set ucliGUI::state
set ucliGUI::state
set ucliGUI::state
set ucliGUI::state
synopsys::xml get_stop_data
synopsys::xml {frames <data updateType="preserve" itemId="none" viewId="Stack.1" />}
synopsys::watch  -file  $::env(PWD)/../env/rkv_watchdog_scoreboard.sv  -line  28
synopsys::watch -raw
synopsys::watch  -file  $::env(PWD)/../env/rkv_watchdog_scoreboard.sv  -line  28
