Command: vcs -full64 -ntb_opts uvm-1.2 -debug_acc+all -l elab.log -sim_res=1ps -top \
rkv_watchdog_tb -o rkv_watchdog_tb.simv
Doing common elaboration 
                         Chronologic VCS (TM)
       Version O-2018.09-SP2_Full64 -- Sun Apr 17 19:40:39 2022
               Copyright (c) 1991-2018 by Synopsys Inc.
                         ALL RIGHTS RESERVED

This program is proprietary and confidential information of Synopsys Inc.
and may be used and disclosed only as authorized in a license agreement
controlling such use and disclosure.

Top Level Modules:
       uvm_custom_install_recording
       uvm_custom_install_verdi_recording
       rkv_watchdog_tb
TimeScale is 1 ps / 1 ps
Starting vcs inline pass...
12 modules and 0 UDP read.
recompiling module uvm_custom_install_verdi_recording
	However, due to incremental compilation, only 1 module needs to be compiled. 
make[1]: Entering directory `/home/verifier/project/rkv_labs/v2x_addon/cmsdk_apb_watchdog/uvm/sim/csrc' \

rm -f _csrc*.so pre_vcsobj_*.so share_vcsobj_*.so
ld -shared  -Bsymbolic  -o .//../rkv_watchdog_tb.simv.daidir//_csrc0.so objs/amcQw_d.o \

rm -f _csrc0.so
if [ -x ../rkv_watchdog_tb.simv ]; then chmod -x ../rkv_watchdog_tb.simv; fi
g++  -o ../rkv_watchdog_tb.simv    -Wl,-rpath-link=./ -Wl,-rpath='$ORIGIN'/rkv_watchdog_tb.simv.daidir/ \
-Wl,-rpath=./rkv_watchdog_tb.simv.daidir/ -Wl,-rpath='$ORIGIN'/rkv_watchdog_tb.simv.daidir//scsim.db.dir \
-rdynamic -Wl,-rpath=/opt/synopsys/vcs/vcs-mx/O-2018.09-SP2/linux64/lib -L/opt/synopsys/vcs/vcs-mx/O-2018.09-SP2/linux64/lib \
uvm_dpi.o uvm_verdi_dpi.o     _84486_archive_1.so _prev_archive_1.so _csrc0.so  SIM_l.o \
_csrc0.so    rmapats_mop.o rmapats.o rmar.o rmar_nd.o  rmar_llvm_0_1.o rmar_llvm_0_0.o \
-lzerosoft_rt_stubs -lerrorinf -lsnpsmalloc -lvfs    -lvcsnew -lsimprofile -lvirsim \
-lreader_common /opt/synopsys/vcs/vcs-mx/O-2018.09-SP2/linux64/lib/libBA.a -luclinative \
/opt/synopsys/vcs/vcs-mx/O-2018.09-SP2/linux64/lib/vcs_tls.o   -Wl,-whole-archive \
-lvcsucli -Wl,-no-whole-archive       ./../rkv_watchdog_tb.simv.daidir/vc_hdrs.o \
_vcs_pli_stub_.o   /opt/synopsys/vcs/vcs-mx/O-2018.09-SP2/linux64/lib/vcs_save_restore_new.o \
/opt/synopsys/verdi/verdi/Verdi_O-2018.09-SP2/share/PLI/VCS/LINUX64/pli.a -ldl  -lc \
-lm -lpthread -ldl 
../rkv_watchdog_tb.simv up to date
make[1]: Leaving directory `/home/verifier/project/rkv_labs/v2x_addon/cmsdk_apb_watchdog/uvm/sim/csrc' \

CPU time: 6.217 seconds to compile + .213 seconds to elab + .341 seconds to link
