16:28:06    16 -->                                                             [tcl] ucliGUI::connect -toolargs -ucligui -toolexe out/obj/rkv_watchdog_tb.simv -a run.log +ntb_random_seed=1 +UVM_TESTNAME=rkv_watchdog_reload_test -cm_dir out/cov.vdb -cm_name rkv_watchdog_reload_test_1 -do rkv_watchdog_sim_run.do -cm line+cond+fsm+tgl+branch+assert -covg_cont_on_error -pid 34120 -toolin /tmp/vcs_20220603082805_34116_verifier..stdin -toolout /tmp/vcs_20220603082805_34116_verifier..stdout  
16:28:06    17 -->                                                                 [tcl] set ucliGUI::state
16:28:06    18 -->                                                                     [tcl] set dveMisc::dve_log_file 1
16:28:06    19 -->                                                                         [tcl] gui_update_simulator_buttons
16:28:07    20 -->                                                                             [tcl] set ucliGUI::state
16:28:07    21 -->                                                                                 [tcl] ucliCore::getToolPID
16:28:07    22 -->                                                                                     [tcl] synopsys::env hasTB
16:28:07    23 -->                                                                                         [tcl] trigger_hier_stack_context_switch 0
16:28:07    24 -->                                                                                             [tcl] synopsys::xml set_array_limit <data limit="50" />
16:28:07    25 --> ...  [tcl] gui_update_simulator_buttons
16:28:07    26 --> ...      [tcl] synopsys::xml set_depth_limit <data limit="100" />
16:28:07    27 --> ...          [tcl] synopsys::xml set_string_limit <data limit="1000" />
16:28:07    28 --> ...              [tcl] synopsys::xml set_only_active_frame <data value="1" />
16:28:07    29 --> ...                  [tcl] synopsys::xml set_variable_frame_id <data value="1" />
16:28:07    30 --> ...                      [tcl] synUtils::setDVEInitPhase 1
16:28:07    31 --> ...                          [tcl] gui_get_env SIMSETUP::SIMVPD
16:28:07    32 --> ...                              [tcl] synopsys::dump -type VPD -file /home/verifier/project/rkv_labs/v2x_addon/cmsdk_apb_watchdog/uvm/sim/inter.vpd -locking
16:28:07    33 --> ...                                  [tcl] synopsys::dump -autoflush on -fid VPD0
16:28:07    34 --> ...                                      [tcl] set ::dve_fid VPD0
16:28:07    35 --> ...                                          [tcl] synUtils::setDVEInitPhase 0
16:28:07    36 --> ...                                              [tcl] ucliCore::getToolPID
16:28:07    37 --> ...                                                  [tcl] synUtils::sendTool -active _icl_setToolSocket /tmp/smlnpDj6kgx
16:28:07    38 --> ...                                                      [tcl] synUtils::sendTool -active {_icl_start_rpc -version "O-2018.09-SP2_Full64" -sync_file /tmp/vcs_dve_rpc.verifier.34120}
16:28:07    39 --> ...                                                          [tcl] synUtils::sendTool -active {_icl_createSharedMemory /tmp/vcs_dve_general.verifier.34120}
16:28:08    40 --> ...                                                              [tcl] dveMisc::vbusExpand uvm_pkg
16:28:08    41 --> ...                                                                  [tcl] dveMisc::vbusExpand uvm_custom_install_recording
16:28:08    42 --> ...                                                                      [tcl] dveMisc::vbusExpand _vcs_unit__3820934895
16:28:08    43 --> ...                                                                          [tcl] config endofsim noexit
16:28:08    44 --> ...                                                                              [tcl] config onfail enable all
16:28:08    45 --> ...                                                                                  [tcl] config syscaddplainmembers
16:28:08    46 --> ...                                                                                      [tcl] config syscaddsourcenames
16:28:08    47 --> ...                                                                                          [tcl] config syscaddstructtypes
16:28:08    48 --> ...                                                                                              [tcl] synopsys::listing -disable
16:28:08    49 --> ...                                                                                                  [tcl] if {[info command guiIsActive]==""} {   run } else {    echo "GUI mode"   dump -add / -depth 0   do ./rkv_watchdog_debug_wave.do }
16:28:08    50 --> ...  [tcl] gui_set_time_units 1ps
16:28:08    51 --> ...      [tcl] gui_set_time_units 1ps
16:28:08    52 --> ...          [tcl] set _wave_session_group_1 Group1
16:28:08    53 --> ...              [tcl] if {[gui_sg_is_group -name "$_wave_session_group_1"]} {     set _wave_session_group_1 [gui_sg_generate_new_name] }
16:28:08    54 --> ...                  [tcl] set Group1 "$_wave_session_group_1"
16:28:08    55 --> ...                      [tcl] gui_sg_addsignal -group "$_wave_session_group_1" { {Sim:rkv_watchdog_tb.dut.PCLK} {Sim:rkv_watchdog_tb.dut.PRESETn} {Sim:rkv_watchdog_tb.dut.PENABLE} {Sim:rkv_watchdog_tb.dut.PSEL} {Sim:rkv_watchdog_tb.apb_if_inst.paddr} {Sim:rkv_watchdog_tb.dut.PWRITE} {Sim:rkv_watchdog_tb.dut.PWDATA} {Sim:rkv_watchdog_tb.dut.PRDATA} {Sim:rkv_watchdog_tb.dut.PADDR} }
16:28:08    56 --> ...                          [tcl] synopsys::dump -add {rkv_watchdog_tb.apb_if_inst rkv_watchdog_tb.wdg_if_inst } -aggregates  -fid VPD0
16:28:08    57 --> ...                              [tcl] dveMisc::vbusExpand rkv_watchdog_tb
16:28:08    58 --> ...                                  [tcl] set _wave_session_group_2 Group2
16:28:08    59 --> ...                                      [tcl] if {[gui_sg_is_group -name "$_wave_session_group_2"]} {     set _wave_session_group_2 [gui_sg_generate_new_name] }
16:28:08    60 --> ...                                          [tcl] set Group2 "$_wave_session_group_2"
16:28:08    61 --> ...                                              [tcl] gui_sg_addsignal -group "$_wave_session_group_2" { {Sim:rkv_watchdog_tb.dut.WDOGCLK} {Sim:rkv_watchdog_tb.dut.WDOGCLKEN} {Sim:rkv_watchdog_tb.dut.WDOGRESn} {Sim:rkv_watchdog_tb.dut.WDOGINT} {Sim:rkv_watchdog_tb.dut.WDOGRES} {Sim:rkv_watchdog_tb.dut.ECOREVNUM} }
16:28:08    62 --> ...                                                  [tcl] set _wave_session_group_3 Group4
16:28:08    63 --> ...                                                      [tcl] if {[gui_sg_is_group -name "$_wave_session_group_3"]} {     set _wave_session_group_3 [gui_sg_generate_new_name] }
16:28:08    64 --> ...                                                          [tcl] set Group3 "$_wave_session_group_3"
16:28:08    65 --> ...                                                              [tcl] gui_sg_addsignal -group "$_wave_session_group_3" { {Sim:rkv_watchdog_tb.dut.u_apb_watchdog_frc.reg_count} }
16:28:08    66 --> ...                                                                  [tcl] if {![info exists useOldWindow]} {  	set useOldWindow true }
16:28:08    67 --> ...                                                                      [tcl] if {$useOldWindow && [string first "Wave" [gui_get_current_window -view]]==0} {  	set Wave.1 [gui_get_current_window -view]  } else { 	set Wave.1 [lindex [gui_get_window_ids -type Wave] 0] if {[string first "Wave" ${Wave.1}]!=0} { gui_open_window Wave set Wave.1 [ gui_get_current_window -view ] } }
16:28:08    68 --> ...                                                                          [tcl] set groupExD [gui_get_pref_value -category Wave -key exclusiveSG]
16:28:10    69 --> ...                                                                              [tcl] gui_set_pref_value -category Wave -key exclusiveSG -value {false}
16:28:10    70 --> ...                                                                                  [tcl] set origWaveHeight [gui_get_pref_value -category Wave -key waveRowHeight]
16:28:10    71 --> ...                                                                                      [tcl] gui_list_set_height -id Wave -height 25
16:28:10    72 --> ...                                                                                          [tcl] set origGroupCreationState [gui_list_create_group_when_add -wave]
16:28:10    73 --> ...                                                                                              [tcl] gui_list_create_group_when_add -wave -disable
16:28:10    74 --> ...                                                                                                  [tcl] gui_marker_set_ref -id ${Wave.1}  C1
16:28:10    75 --> ...  [tcl] gui_wv_zoom_timerange -id ${Wave.1} 0 10000
16:28:10    76 --> ...      [tcl] gui_list_add_group -id ${Wave.1} -after {New Group} [list ${Group1}]
16:28:10    77 --> ...          [tcl] gui_list_add_group -id ${Wave.1} -after {New Group} [list ${Group2}]
16:28:10    78 --> ...              [tcl] gui_list_add_group -id ${Wave.1} -after {New Group} [list ${Group3}]
16:28:10    79 --> ...                  [tcl] gui_seek_criteria -id ${Wave.1} {Any Edge}
16:28:10    80 --> ...                      [tcl] gui_set_pref_value -category Wave -key exclusiveSG -value $groupExD
16:28:10    81 --> ...                          [tcl] gui_list_set_height -id Wave -height $origWaveHeight
16:28:10    82 --> ...                              [tcl] if {$origGroupCreationState} { 	gui_list_create_group_when_add -wave -enable }
16:28:10    83 --> ...                                  [tcl] if { $groupExD } {  gui_msg_report -code DVWW028 }
16:28:10    84 --> ...                                      [tcl] gui_list_set_filter -id ${Wave.1} -list { {Buffer 1} {Input 1} {Others 1} {Linkage 1} {Output 1} {Parameter 1} {All 1} {Aggregate 1} {LibBaseMember 1} {Event 1} {Assertion 1} {Constant 1} {Interface 1} {BaseMembers 1} {Signal 1} {$unit 1} {Inout 1} {Variable 1} }
16:28:10    85 --> ...                                          [tcl] gui_list_set_filter -id ${Wave.1} -text {*}
16:28:10    86 --> ...                                              [tcl] gui_list_set_insertion_bar  -id ${Wave.1} -group ${Group3}  -position in
16:28:10    87 --> ...                                                  [tcl] gui_marker_move -id ${Wave.1} {C1} 1999837
16:28:10    88 --> ...                                                      [tcl] gui_view_scroll -id ${Wave.1} -vertical -set 0
16:28:10    89 --> ...                                                          [tcl] gui_show_grid -id ${Wave.1} -enable false
16:29:51    90 --> ...                                                              [tcl] run
16:29:51    91 --> ...                                                                  [tcl] set ucliGUI::state
16:29:51    92 --> ...                                                                      [tcl] gui_update_simulator_buttons
16:29:51    93 --> ...                                                                          [tcl] set ucliGUI::state
16:29:51    94 --> ...                                                                              [tcl] gui_update_simulator_buttons
16:29:51    95 --> ...                                                                                  [tcl] set ucliGUI::state
16:29:51    96 --> ...                                                                                      [tcl] set ucliGUI::state
16:29:51    97 --> ...                                                                                          [tcl] catch {senv activeDomain} dveMisc::result 
16:29:51    98 --> ...                                                                                              [tcl] set dveMisc::result
16:29:51    99 --> ...                                                                                                  [tcl] gui_update_simulator_buttons
16:29:51    100 --> ...  [tcl] synopsys::xml get_stop_data
16:29:51    101 --> ...      [tcl] synopsys::xml {frames <data updateType="preserve" itemId="none" viewId="Stack.1" />}
16:29:51    102 --> ...          [tcl] dveMisc::vbusExpand {uvm_pkg.\uvm_root::run_test }
16:32:01    103 --> ...              [tcl] synopsys::finish
16:32:01    104 --> ...                  [tcl] set ucliGUI::state
16:32:01    105 --> ...                      [tcl] gui_update_simulator_buttons
16:32:01    106 --> ...                          [tcl] gui_update_simulator_buttons
16:32:01    107 --> ...                              [tcl] set ucliGUI::state
16:32:01    108 --> ...                                  [tcl] catch {senv activeDomain} dveMisc::result 
16:32:01    109 --> ...                                      [tcl] set dveMisc::result
16:32:01    110 --> ...                                          [tcl] gui_update_simulator_buttons
16:32:05    111 --> ...                                              [tcl] if [catch {gui_sim_terminate}] {gui_sim_terminate -kill}
16:32:05    112 --> ...                                                  [tcl] ucli_exit
